  [1m[35m (224.4ms)[0m  [1m[35mCREATE DATABASE "BlueBird_development" ENCODING = 'unicode'[0m
  ↳ bin/rails:4
  [1m[35m (69.8ms)[0m  [1m[35mCREATE DATABASE "BlueBird_test" ENCODING = 'unicode'[0m
  ↳ bin/rails:4
  [1m[35mSQL (1.2ms)[0m  [1m[35mCREATE EXTENSION IF NOT EXISTS "plpgsql"[0m
  ↳ db/schema.rb:16
  [1m[35m (4.0ms)[0m  [1m[35mDROP TABLE IF EXISTS "chirps" CASCADE[0m
  ↳ db/schema.rb:18
  [1m[35m (13.9ms)[0m  [1m[35mCREATE TABLE "chirps" ("id" bigserial primary key, "body" text NOT NULL, "author_id" integer NOT NULL, "created_at" timestamp NOT NULL, "updated_at" timestamp NOT NULL)[0m
  ↳ db/schema.rb:18
  [1m[35m (1.1ms)[0m  [1m[35mCREATE  INDEX  "index_chirps_on_author_id" ON "chirps"  ("author_id")[0m
  ↳ db/schema.rb:18
  [1m[35m (0.1ms)[0m  [1m[35mDROP TABLE IF EXISTS "follows" CASCADE[0m
  ↳ db/schema.rb:26
  [1m[35m (2.1ms)[0m  [1m[35mCREATE TABLE "follows" ("id" bigserial primary key, "follower_id" integer NOT NULL, "followee_id" integer NOT NULL, "created_at" timestamp NOT NULL, "updated_at" timestamp NOT NULL)[0m
  ↳ db/schema.rb:26
  [1m[35m (0.7ms)[0m  [1m[35mCREATE  INDEX  "index_follows_on_followee_id" ON "follows"  ("followee_id")[0m
  ↳ db/schema.rb:26
  [1m[35m (0.9ms)[0m  [1m[35mCREATE  INDEX  "index_follows_on_follower_id" ON "follows"  ("follower_id")[0m
  ↳ db/schema.rb:26
  [1m[35m (0.4ms)[0m  [1m[35mDROP TABLE IF EXISTS "likes" CASCADE[0m
  ↳ db/schema.rb:35
  [1m[35m (2.0ms)[0m  [1m[35mCREATE TABLE "likes" ("id" bigserial primary key, "user_id" integer NOT NULL, "chirp_id" integer NOT NULL, "created_at" timestamp NOT NULL, "updated_at" timestamp NOT NULL)[0m
  ↳ db/schema.rb:35
  [1m[35m (0.2ms)[0m  [1m[35mDROP TABLE IF EXISTS "users" CASCADE[0m
  ↳ db/schema.rb:42
  [1m[35m (2.7ms)[0m  [1m[35mCREATE TABLE "users" ("id" bigserial primary key, "username" character varying NOT NULL, "email" character varying, "password_digest" character varying, "session_token" character varying)[0m
  ↳ db/schema.rb:42
  [1m[35m (0.8ms)[0m  [1m[35mCREATE  INDEX  "index_users_on_session_token" ON "users"  ("session_token")[0m
  ↳ db/schema.rb:42
  [1m[35m (1.1ms)[0m  [1m[35mCREATE UNIQUE INDEX  "index_users_on_username" ON "users"  ("username")[0m
  ↳ db/schema.rb:42
  [1m[35m (2.3ms)[0m  [1m[35mCREATE TABLE "schema_migrations" ("version" character varying NOT NULL PRIMARY KEY)[0m
  ↳ db/schema.rb:13
  [1m[35m (0.3ms)[0m  [1m[34mSELECT "schema_migrations"."version" FROM "schema_migrations" ORDER BY "schema_migrations"."version" ASC[0m
  ↳ db/schema.rb:13
  [1m[35m (0.7ms)[0m  [1m[32mINSERT INTO "schema_migrations" (version) VALUES (20170828221731)[0m
  ↳ db/schema.rb:13
  [1m[35m (0.2ms)[0m  [1m[32mINSERT INTO "schema_migrations" (version) VALUES
(20170816164052),
(20170816174156),
(20170816170838),
(20170816171327),
(20170816162825),
(20170823202541);

[0m
  ↳ db/schema.rb:13
  [1m[35m (4.1ms)[0m  [1m[35mCREATE TABLE "ar_internal_metadata" ("key" character varying NOT NULL PRIMARY KEY, "value" character varying, "created_at" timestamp NOT NULL, "updated_at" timestamp NOT NULL)[0m
  ↳ db/schema.rb:13
  [1m[36mActiveRecord::InternalMetadata Load (0.2ms)[0m  [1m[34mSELECT  "ar_internal_metadata".* FROM "ar_internal_metadata" WHERE "ar_internal_metadata"."key" = $1 LIMIT $2[0m  [["key", "environment"], ["LIMIT", 1]]
  ↳ db/schema.rb:13
  [1m[35m (0.1ms)[0m  [1m[35mBEGIN[0m
  ↳ db/schema.rb:13
  [1m[36mActiveRecord::InternalMetadata Create (6.5ms)[0m  [1m[32mINSERT INTO "ar_internal_metadata" ("key", "value", "created_at", "updated_at") VALUES ($1, $2, $3, $4) RETURNING "key"[0m  [["key", "environment"], ["value", "development"], ["created_at", "2021-05-06 13:59:46.400214"], ["updated_at", "2021-05-06 13:59:46.400214"]]
  ↳ db/schema.rb:13
  [1m[35m (0.1ms)[0m  [1m[35mCOMMIT[0m
  ↳ db/schema.rb:13
  [1m[36mActiveRecord::InternalMetadata Load (0.2ms)[0m  [1m[34mSELECT  "ar_internal_metadata".* FROM "ar_internal_metadata" WHERE "ar_internal_metadata"."key" = $1 LIMIT $2[0m  [["key", "environment"], ["LIMIT", 1]]
  ↳ bin/rails:4
  [1m[35m (0.1ms)[0m  [1m[35mBEGIN[0m
  ↳ bin/rails:4
  [1m[35m (0.0ms)[0m  [1m[35mCOMMIT[0m
  ↳ bin/rails:4
  [1m[35mSQL (0.4ms)[0m  [1m[35mCREATE EXTENSION IF NOT EXISTS "plpgsql"[0m
  ↳ db/schema.rb:16
  [1m[35m (0.2ms)[0m  [1m[35mDROP TABLE IF EXISTS "chirps" CASCADE[0m
  ↳ db/schema.rb:18
  [1m[35m (9.1ms)[0m  [1m[35mCREATE TABLE "chirps" ("id" bigserial primary key, "body" text NOT NULL, "author_id" integer NOT NULL, "created_at" timestamp NOT NULL, "updated_at" timestamp NOT NULL)[0m
  ↳ db/schema.rb:18
  [1m[35m (0.7ms)[0m  [1m[35mCREATE  INDEX  "index_chirps_on_author_id" ON "chirps"  ("author_id")[0m
  ↳ db/schema.rb:18
  [1m[35m (0.1ms)[0m  [1m[35mDROP TABLE IF EXISTS "follows" CASCADE[0m
  ↳ db/schema.rb:26
  [1m[35m (2.0ms)[0m  [1m[35mCREATE TABLE "follows" ("id" bigserial primary key, "follower_id" integer NOT NULL, "followee_id" integer NOT NULL, "created_at" timestamp NOT NULL, "updated_at" timestamp NOT NULL)[0m
  ↳ db/schema.rb:26
  [1m[35m (1.0ms)[0m  [1m[35mCREATE  INDEX  "index_follows_on_followee_id" ON "follows"  ("followee_id")[0m
  ↳ db/schema.rb:26
  [1m[35m (0.8ms)[0m  [1m[35mCREATE  INDEX  "index_follows_on_follower_id" ON "follows"  ("follower_id")[0m
  ↳ db/schema.rb:26
  [1m[35m (0.1ms)[0m  [1m[35mDROP TABLE IF EXISTS "likes" CASCADE[0m
  ↳ db/schema.rb:35
  [1m[35m (2.4ms)[0m  [1m[35mCREATE TABLE "likes" ("id" bigserial primary key, "user_id" integer NOT NULL, "chirp_id" integer NOT NULL, "created_at" timestamp NOT NULL, "updated_at" timestamp NOT NULL)[0m
  ↳ db/schema.rb:35
  [1m[35m (0.1ms)[0m  [1m[35mDROP TABLE IF EXISTS "users" CASCADE[0m
  ↳ db/schema.rb:42
  [1m[35m (2.3ms)[0m  [1m[35mCREATE TABLE "users" ("id" bigserial primary key, "username" character varying NOT NULL, "email" character varying, "password_digest" character varying, "session_token" character varying)[0m
  ↳ db/schema.rb:42
  [1m[35m (1.0ms)[0m  [1m[35mCREATE  INDEX  "index_users_on_session_token" ON "users"  ("session_token")[0m
  ↳ db/schema.rb:42
  [1m[35m (0.5ms)[0m  [1m[35mCREATE UNIQUE INDEX  "index_users_on_username" ON "users"  ("username")[0m
  ↳ db/schema.rb:42
  [1m[35m (2.4ms)[0m  [1m[35mCREATE TABLE "schema_migrations" ("version" character varying NOT NULL PRIMARY KEY)[0m
  ↳ db/schema.rb:13
  [1m[35m (0.5ms)[0m  [1m[34mSELECT "schema_migrations"."version" FROM "schema_migrations" ORDER BY "schema_migrations"."version" ASC[0m
  ↳ db/schema.rb:13
  [1m[35m (0.4ms)[0m  [1m[32mINSERT INTO "schema_migrations" (version) VALUES (20170828221731)[0m
  ↳ db/schema.rb:13
  [1m[35m (0.3ms)[0m  [1m[32mINSERT INTO "schema_migrations" (version) VALUES
(20170816164052),
(20170816174156),
(20170816170838),
(20170816171327),
(20170816162825),
(20170823202541);

[0m
  ↳ db/schema.rb:13
  [1m[35m (5.4ms)[0m  [1m[35mCREATE TABLE "ar_internal_metadata" ("key" character varying NOT NULL PRIMARY KEY, "value" character varying, "created_at" timestamp NOT NULL, "updated_at" timestamp NOT NULL)[0m
  ↳ db/schema.rb:13
  [1m[36mActiveRecord::InternalMetadata Load (0.9ms)[0m  [1m[34mSELECT  "ar_internal_metadata".* FROM "ar_internal_metadata" WHERE "ar_internal_metadata"."key" = $1 LIMIT $2[0m  [["key", "environment"], ["LIMIT", 1]]
  ↳ db/schema.rb:13
  [1m[35m (0.1ms)[0m  [1m[35mBEGIN[0m
  ↳ db/schema.rb:13
  [1m[36mActiveRecord::InternalMetadata Create (0.3ms)[0m  [1m[32mINSERT INTO "ar_internal_metadata" ("key", "value", "created_at", "updated_at") VALUES ($1, $2, $3, $4) RETURNING "key"[0m  [["key", "environment"], ["value", "development"], ["created_at", "2021-05-06 13:59:46.479945"], ["updated_at", "2021-05-06 13:59:46.479945"]]
  ↳ db/schema.rb:13
  [1m[35m (0.2ms)[0m  [1m[35mCOMMIT[0m
  ↳ db/schema.rb:13
  [1m[36mActiveRecord::InternalMetadata Load (0.2ms)[0m  [1m[34mSELECT  "ar_internal_metadata".* FROM "ar_internal_metadata" WHERE "ar_internal_metadata"."key" = $1 LIMIT $2[0m  [["key", "environment"], ["LIMIT", 1]]
  ↳ bin/rails:4
  [1m[35m (0.0ms)[0m  [1m[35mBEGIN[0m
  ↳ bin/rails:4
  [1m[36mActiveRecord::InternalMetadata Update (1.2ms)[0m  [1m[33mUPDATE "ar_internal_metadata" SET "value" = $1, "updated_at" = $2 WHERE "ar_internal_metadata"."key" = $3[0m  [["value", "test"], ["updated_at", "2021-05-06 13:59:46.482379"], ["key", "environment"]]
  ↳ bin/rails:4
  [1m[35m (0.2ms)[0m  [1m[35mCOMMIT[0m
  ↳ bin/rails:4
  [1m[35m (0.6ms)[0m  [1m[34mSELECT "schema_migrations"."version" FROM "schema_migrations" ORDER BY "schema_migrations"."version" ASC[0m
  ↳ bin/rails:4
  [1m[36mUser Load (0.7ms)[0m  [1m[34mSELECT "users".* FROM "users"[0m
  ↳ db/seeds.rb:9
  [1m[36mChirp Load (0.5ms)[0m  [1m[34mSELECT "chirps".* FROM "chirps"[0m
  ↳ db/seeds.rb:10
  [1m[36mLike Load (0.6ms)[0m  [1m[34mSELECT "likes".* FROM "likes"[0m
  ↳ db/seeds.rb:11
  [1m[35m (0.8ms)[0m  [1m[35mBEGIN[0m
  ↳ db/seeds.rb:13
  [1m[36mUser Exists (5.5ms)[0m  [1m[34mSELECT  1 AS one FROM "users" WHERE "users"."username" = $1 LIMIT $2[0m  [["username", "Randell Gislason"], ["LIMIT", 1]]
  ↳ db/seeds.rb:13
  [1m[36mUser Create (1.6ms)[0m  [1m[32mINSERT INTO "users" ("username", "email", "password_digest", "session_token") VALUES ($1, $2, $3, $4) RETURNING "id"[0m  [["username", "Randell Gislason"], ["email", "hoyt@will.biz"], ["password_digest", "$2a$12$7kWPmHltvWpzIIAbM4F/UO37rKydCYrkeda4CmPHryC810V/27RbO"], ["session_token", "iFb1aJmVkTT94cp-q7ZFgg"]]
  ↳ db/seeds.rb:13
  [1m[35m (0.9ms)[0m  [1m[35mCOMMIT[0m
  ↳ db/seeds.rb:13
  [1m[35m (0.3ms)[0m  [1m[35mBEGIN[0m
  ↳ db/seeds.rb:14
  [1m[36mUser Exists (0.6ms)[0m  [1m[34mSELECT  1 AS one FROM "users" WHERE "users"."username" = $1 LIMIT $2[0m  [["username", "Imelda Schultz"], ["LIMIT", 1]]
  ↳ db/seeds.rb:14
  [1m[36mUser Create (0.4ms)[0m  [1m[32mINSERT INTO "users" ("username", "email", "password_digest", "session_token") VALUES ($1, $2, $3, $4) RETURNING "id"[0m  [["username", "Imelda Schultz"], ["email", "rosario@konopelski-sporer.org"], ["password_digest", "$2a$12$utnbRVeq3pHVgnxYSiIEN.6D5JrCeluqksw2sEXCnlAQNOXJCq8d2"], ["session_token", "SHqlyfH6DsRvn6386Csfcg"]]
  ↳ db/seeds.rb:14
  [1m[35m (0.6ms)[0m  [1m[35mCOMMIT[0m
  ↳ db/seeds.rb:14
  [1m[35m (0.6ms)[0m  [1m[35mBEGIN[0m
  ↳ db/seeds.rb:15
  [1m[36mUser Exists (0.7ms)[0m  [1m[34mSELECT  1 AS one FROM "users" WHERE "users"."username" = $1 LIMIT $2[0m  [["username", "Omar Greenholt"], ["LIMIT", 1]]
  ↳ db/seeds.rb:15
  [1m[36mUser Create (0.6ms)[0m  [1m[32mINSERT INTO "users" ("username", "email", "password_digest", "session_token") VALUES ($1, $2, $3, $4) RETURNING "id"[0m  [["username", "Omar Greenholt"], ["email", "etsuko@boyer-klein.biz"], ["password_digest", "$2a$12$O8D/MxZctghQeY2VoiaSUOu5yyfdOpcRc1wX7aZw1FsKPrrgnDsWO"], ["session_token", "2ZB_mrrmAGYBr3683gWI0Q"]]
  ↳ db/seeds.rb:15
  [1m[35m (2.0ms)[0m  [1m[35mCOMMIT[0m
  ↳ db/seeds.rb:15
  [1m[35m (0.6ms)[0m  [1m[35mBEGIN[0m
  ↳ db/seeds.rb:16
  [1m[36mUser Exists (1.2ms)[0m  [1m[34mSELECT  1 AS one FROM "users" WHERE "users"."username" = $1 LIMIT $2[0m  [["username", "Elvis Hartmann Ret."], ["LIMIT", 1]]
  ↳ db/seeds.rb:16
  [1m[36mUser Create (1.2ms)[0m  [1m[32mINSERT INTO "users" ("username", "email", "password_digest", "session_token") VALUES ($1, $2, $3, $4) RETURNING "id"[0m  [["username", "Elvis Hartmann Ret."], ["email", "francene@bauch.co"], ["password_digest", "$2a$12$v/OlYJ8FMBIMYodSgzRhnOVhd.W8dcyPBWrjwIyN5m69iosRLjujC"], ["session_token", "-ybwrmnNoWT9GmWx4hyHmQ"]]
  ↳ db/seeds.rb:16
  [1m[35m (1.4ms)[0m  [1m[35mCOMMIT[0m
  ↳ db/seeds.rb:16
  [1m[35m (0.7ms)[0m  [1m[35mBEGIN[0m
  ↳ db/seeds.rb:17
  [1m[36mUser Exists (1.2ms)[0m  [1m[34mSELECT  1 AS one FROM "users" WHERE "users"."username" = $1 LIMIT $2[0m  [["username", "Sixta Roberts"], ["LIMIT", 1]]
  ↳ db/seeds.rb:17
  [1m[36mUser Create (0.7ms)[0m  [1m[32mINSERT INTO "users" ("username", "email", "password_digest", "session_token") VALUES ($1, $2, $3, $4) RETURNING "id"[0m  [["username", "Sixta Roberts"], ["email", "leanna_homenick@kautzer-bechtelar.biz"], ["password_digest", "$2a$12$KikR//a4XbSNMFQu6wHtIO2y/MKYS/XZWsM/Gmrq4ci/vlIG7zmQK"], ["session_token", "pTzIddniOPE5cfs9VKHTVQ"]]
  ↳ db/seeds.rb:17
  [1m[35m (1.0ms)[0m  [1m[35mCOMMIT[0m
  ↳ db/seeds.rb:17
  [1m[35m (0.4ms)[0m  [1m[35mBEGIN[0m
  ↳ db/seeds.rb:18
  [1m[36mUser Exists (0.8ms)[0m  [1m[34mSELECT  1 AS one FROM "users" WHERE "users"."username" = $1 LIMIT $2[0m  [["username", "Inga Dickens"], ["LIMIT", 1]]
  ↳ db/seeds.rb:18
  [1m[36mUser Create (0.8ms)[0m  [1m[32mINSERT INTO "users" ("username", "email", "password_digest", "session_token") VALUES ($1, $2, $3, $4) RETURNING "id"[0m  [["username", "Inga Dickens"], ["email", "clark.durgan@mills-lowe.net"], ["password_digest", "$2a$12$OVF3gRWTnpn/nxsVuWZMGurV/.ikWPaBUweykp.ONtAAJdb1yDcO2"], ["session_token", "OG4ufimuqJj1lg3_GwTvgQ"]]
  ↳ db/seeds.rb:18
  [1m[35m (0.4ms)[0m  [1m[35mCOMMIT[0m
  ↳ db/seeds.rb:18
  [1m[35m (1.9ms)[0m  [1m[35mBEGIN[0m
  ↳ db/seeds.rb:19
  [1m[36mUser Exists (23.0ms)[0m  [1m[34mSELECT  1 AS one FROM "users" WHERE "users"."username" = $1 LIMIT $2[0m  [["username", "Vi Christiansen CPA"], ["LIMIT", 1]]
  ↳ db/seeds.rb:19
  [1m[36mUser Create (24.0ms)[0m  [1m[32mINSERT INTO "users" ("username", "email", "password_digest", "session_token") VALUES ($1, $2, $3, $4) RETURNING "id"[0m  [["username", "Vi Christiansen CPA"], ["email", "lance.von@gerlach.net"], ["password_digest", "$2a$12$PTt.7Pv383sYDZLGQuiip.o.AHc2ld8LJfMhn6ak4OuMgskCgZMH."], ["session_token", "x9GlIKA9wsbwyK3BfSZiNw"]]
  ↳ db/seeds.rb:19
  [1m[35m (0.3ms)[0m  [1m[35mCOMMIT[0m
  ↳ db/seeds.rb:19
  [1m[35m (0.4ms)[0m  [1m[35mBEGIN[0m
  ↳ db/seeds.rb:20
  [1m[36mUser Exists (1.8ms)[0m  [1m[34mSELECT  1 AS one FROM "users" WHERE "users"."username" = $1 LIMIT $2[0m  [["username", "Denny Kihn II"], ["LIMIT", 1]]
  ↳ db/seeds.rb:20
  [1m[36mUser Create (23.3ms)[0m  [1m[32mINSERT INTO "users" ("username", "email", "password_digest", "session_token") VALUES ($1, $2, $3, $4) RETURNING "id"[0m  [["username", "Denny Kihn II"], ["email", "demarcus.reichert@hills.io"], ["password_digest", "$2a$12$GG2Z1b5fPPS.vrA9rUA8cu2NyASTLcQ9/VAjBUCPE2MNc.CQ9bR6S"], ["session_token", "Xrqcm2COCUpXdEXFM-U4sw"]]
  ↳ db/seeds.rb:20
  [1m[35m (0.4ms)[0m  [1m[35mCOMMIT[0m
  ↳ db/seeds.rb:20
  [1m[35m (0.5ms)[0m  [1m[35mBEGIN[0m
  ↳ db/seeds.rb:21
  [1m[36mUser Exists (0.5ms)[0m  [1m[34mSELECT  1 AS one FROM "users" WHERE "users"."username" = $1 LIMIT $2[0m  [["username", "Sammie Kihn"], ["LIMIT", 1]]
  ↳ db/seeds.rb:21
  [1m[36mUser Create (0.4ms)[0m  [1m[32mINSERT INTO "users" ("username", "email", "password_digest", "session_token") VALUES ($1, $2, $3, $4) RETURNING "id"[0m  [["username", "Sammie Kihn"], ["email", "claud.goodwin@bosco.net"], ["password_digest", "$2a$12$lppE.i6Fgx00bk6yYy2kwuBPPVXNeEpGjwLQBhBiWXz480cvd3Yu2"], ["session_token", "WTa703OdI5FY8M4i_O20pQ"]]
  ↳ db/seeds.rb:21
  [1m[35m (0.3ms)[0m  [1m[35mCOMMIT[0m
  ↳ db/seeds.rb:21
  [1m[35m (0.2ms)[0m  [1m[35mBEGIN[0m
  ↳ db/seeds.rb:23
  [1m[36mUser Load (5.0ms)[0m  [1m[34mSELECT  "users".* FROM "users" WHERE "users"."id" = $1 LIMIT $2[0m  [["id", 1], ["LIMIT", 1]]
  ↳ db/seeds.rb:23
  [1m[35m (0.6ms)[0m  [1m[31mROLLBACK[0m
  ↳ db/seeds.rb:23
  [1m[35m (0.2ms)[0m  [1m[35mBEGIN[0m
  ↳ db/seeds.rb:24
  [1m[36mUser Load (0.5ms)[0m  [1m[34mSELECT  "users".* FROM "users" WHERE "users"."id" = $1 LIMIT $2[0m  [["id", 1], ["LIMIT", 1]]
  ↳ db/seeds.rb:24
  [1m[35m (0.2ms)[0m  [1m[31mROLLBACK[0m
  ↳ db/seeds.rb:24
  [1m[35m (0.1ms)[0m  [1m[35mBEGIN[0m
  ↳ db/seeds.rb:25
  [1m[36mUser Load (0.4ms)[0m  [1m[34mSELECT  "users".* FROM "users" WHERE "users"."id" = $1 LIMIT $2[0m  [["id", 1], ["LIMIT", 1]]
  ↳ db/seeds.rb:25
  [1m[36mChirp Create (3.3ms)[0m  [1m[32mINSERT INTO "chirps" ("body", "author_id", "created_at", "updated_at") VALUES ($1, $2, $3, $4) RETURNING "id"[0m  [["body", "There are some things you can't share without ending up liking each other, and knocking out a twelve-foot mountain troll is one of them."], ["author_id", 1], ["created_at", "2021-05-06 13:59:50.242059"], ["updated_at", "2021-05-06 13:59:50.242059"]]
  ↳ db/seeds.rb:25
  [1m[35m (0.3ms)[0m  [1m[35mCOMMIT[0m
  ↳ db/seeds.rb:25
  [1m[35m (0.3ms)[0m  [1m[35mBEGIN[0m
  ↳ db/seeds.rb:26
  [1m[36mUser Load (1.6ms)[0m  [1m[34mSELECT  "users".* FROM "users" WHERE "users"."id" = $1 LIMIT $2[0m  [["id", 2], ["LIMIT", 1]]
  ↳ db/seeds.rb:26
  [1m[36mChirp Create (67.7ms)[0m  [1m[32mINSERT INTO "chirps" ("body", "author_id", "created_at", "updated_at") VALUES ($1, $2, $3, $4) RETURNING "id"[0m  [["body", "It’s wingardium leviOsa, not leviosAH."], ["author_id", 2], ["created_at", "2021-05-06 13:59:50.253069"], ["updated_at", "2021-05-06 13:59:50.253069"]]
  ↳ db/seeds.rb:26
  [1m[35m (0.3ms)[0m  [1m[35mCOMMIT[0m
  ↳ db/seeds.rb:26
  [1m[35m (0.1ms)[0m  [1m[35mBEGIN[0m
  ↳ db/seeds.rb:27
  [1m[36mUser Load (0.8ms)[0m  [1m[34mSELECT  "users".* FROM "users" WHERE "users"."id" = $1 LIMIT $2[0m  [["id", 2], ["LIMIT", 1]]
  ↳ db/seeds.rb:27
  [1m[36mChirp Create (0.7ms)[0m  [1m[32mINSERT INTO "chirps" ("body", "author_id", "created_at", "updated_at") VALUES ($1, $2, $3, $4) RETURNING "id"[0m  [["body", "You're a wizard, Harry."], ["author_id", 2], ["created_at", "2021-05-06 13:59:50.325767"], ["updated_at", "2021-05-06 13:59:50.325767"]]
  ↳ db/seeds.rb:27
  [1m[35m (0.6ms)[0m  [1m[35mCOMMIT[0m
  ↳ db/seeds.rb:27
  [1m[35m (0.2ms)[0m  [1m[35mBEGIN[0m
  ↳ db/seeds.rb:28
  [1m[36mUser Load (0.6ms)[0m  [1m[34mSELECT  "users".* FROM "users" WHERE "users"."id" = $1 LIMIT $2[0m  [["id", 2], ["LIMIT", 1]]
  ↳ db/seeds.rb:28
  [1m[36mChirp Create (0.6ms)[0m  [1m[32mINSERT INTO "chirps" ("body", "author_id", "created_at", "updated_at") VALUES ($1, $2, $3, $4) RETURNING "id"[0m  [["body", "Never trust anything that can think for itself if you can't see where it keeps its brain."], ["author_id", 2], ["created_at", "2021-05-06 13:59:50.330205"], ["updated_at", "2021-05-06 13:59:50.330205"]]
  ↳ db/seeds.rb:28
  [1m[35m (0.3ms)[0m  [1m[35mCOMMIT[0m
  ↳ db/seeds.rb:28
  [1m[35m (0.5ms)[0m  [1m[35mBEGIN[0m
  ↳ db/seeds.rb:30
  [1m[36mUser Load (0.3ms)[0m  [1m[34mSELECT  "users".* FROM "users" WHERE "users"."id" = $1 LIMIT $2[0m  [["id", 3], ["LIMIT", 1]]
  ↳ db/seeds.rb:30
  [1m[35m (0.2ms)[0m  [1m[31mROLLBACK[0m
  ↳ db/seeds.rb:30
  [1m[35m (0.1ms)[0m  [1m[35mBEGIN[0m
  ↳ db/seeds.rb:31
  [1m[36mUser Load (0.3ms)[0m  [1m[34mSELECT  "users".* FROM "users" WHERE "users"."id" = $1 LIMIT $2[0m  [["id", 4], ["LIMIT", 1]]
  ↳ db/seeds.rb:31
  [1m[35m (0.5ms)[0m  [1m[31mROLLBACK[0m
  ↳ db/seeds.rb:31
  [1m[35m (0.1ms)[0m  [1m[35mBEGIN[0m
  ↳ db/seeds.rb:32
  [1m[36mChirp Load (0.4ms)[0m  [1m[34mSELECT  "chirps".* FROM "chirps" WHERE "chirps"."id" = $1 LIMIT $2[0m  [["id", 1], ["LIMIT", 1]]
  ↳ db/seeds.rb:32
  [1m[36mUser Load (0.2ms)[0m  [1m[34mSELECT  "users".* FROM "users" WHERE "users"."id" = $1 LIMIT $2[0m  [["id", 5], ["LIMIT", 1]]
  ↳ db/seeds.rb:32
  [1m[36mLike Create (22.9ms)[0m  [1m[32mINSERT INTO "likes" ("user_id", "chirp_id", "created_at", "updated_at") VALUES ($1, $2, $3, $4) RETURNING "id"[0m  [["user_id", 5], ["chirp_id", 1], ["created_at", "2021-05-06 13:59:50.356083"], ["updated_at", "2021-05-06 13:59:50.356083"]]
  ↳ db/seeds.rb:32
  [1m[35m (0.3ms)[0m  [1m[35mCOMMIT[0m
  ↳ db/seeds.rb:32
  [1m[35m (0.1ms)[0m  [1m[35mBEGIN[0m
  ↳ db/seeds.rb:33
  [1m[36mChirp Load (0.4ms)[0m  [1m[34mSELECT  "chirps".* FROM "chirps" WHERE "chirps"."id" = $1 LIMIT $2[0m  [["id", 1], ["LIMIT", 1]]
  ↳ db/seeds.rb:33
  [1m[36mUser Load (0.1ms)[0m  [1m[34mSELECT  "users".* FROM "users" WHERE "users"."id" = $1 LIMIT $2[0m  [["id", 3], ["LIMIT", 1]]
  ↳ db/seeds.rb:33
  [1m[36mLike Create (0.7ms)[0m  [1m[32mINSERT INTO "likes" ("user_id", "chirp_id", "created_at", "updated_at") VALUES ($1, $2, $3, $4) RETURNING "id"[0m  [["user_id", 3], ["chirp_id", 1], ["created_at", "2021-05-06 13:59:50.382153"], ["updated_at", "2021-05-06 13:59:50.382153"]]
  ↳ db/seeds.rb:33
  [1m[35m (0.4ms)[0m  [1m[35mCOMMIT[0m
  ↳ db/seeds.rb:33
  [1m[35m (0.1ms)[0m  [1m[35mBEGIN[0m
  ↳ db/seeds.rb:34
  [1m[36mUser Load (0.2ms)[0m  [1m[34mSELECT  "users".* FROM "users" WHERE "users"."id" = $1 LIMIT $2[0m  [["id", 4], ["LIMIT", 1]]
  ↳ db/seeds.rb:34
  [1m[35m (0.1ms)[0m  [1m[31mROLLBACK[0m
  ↳ db/seeds.rb:34
  [1m[35m (0.1ms)[0m  [1m[35mBEGIN[0m
  ↳ db/seeds.rb:35
  [1m[36mUser Load (0.3ms)[0m  [1m[34mSELECT  "users".* FROM "users" WHERE "users"."id" = $1 LIMIT $2[0m  [["id", 5], ["LIMIT", 1]]
  ↳ db/seeds.rb:35
  [1m[35m (0.3ms)[0m  [1m[31mROLLBACK[0m
  ↳ db/seeds.rb:35
Started GET "/" for ::1 at 2021-05-06 10:51:49 -0400
  [1m[35m (12.0ms)[0m  [1m[34mSELECT "schema_migrations"."version" FROM "schema_migrations" ORDER BY "schema_migrations"."version" ASC[0m
  ↳ /Users/sebastiansanchez/.rbenv/versions/2.5.8/lib/ruby/gems/2.5.0/gems/activerecord-5.2.6/lib/active_record/log_subscriber.rb:98
Processing by RootController#root as HTML
  Rendering root/root.html.erb within layouts/application
  Rendered root/root.html.erb within layouts/application (0.8ms)
Completed 200 OK in 2078ms (Views: 2076.8ms | ActiveRecord: 0.0ms)


Started GET "/" for ::1 at 2021-05-06 10:52:33 -0400
Processing by RootController#root as HTML
  Rendering root/root.html.erb within layouts/application
  Rendered root/root.html.erb within layouts/application (2.0ms)
Completed 200 OK in 39ms (Views: 36.5ms | ActiveRecord: 0.0ms)


Started GET "/" for ::1 at 2021-05-06 10:54:42 -0400
Processing by RootController#root as HTML
  Rendering root/root.html.erb within layouts/application
  Rendered root/root.html.erb within layouts/application (0.7ms)
Completed 200 OK in 302ms (Views: 295.2ms | ActiveRecord: 0.0ms)


Started GET "/" for ::1 at 2021-05-06 10:55:12 -0400
Processing by RootController#root as HTML
  Rendering root/root.html.erb within layouts/application
  Rendered root/root.html.erb within layouts/application (0.3ms)
Completed 200 OK in 25ms (Views: 23.8ms | ActiveRecord: 0.0ms)


Started GET "/" for ::1 at 2021-05-06 10:57:55 -0400
Processing by RootController#root as HTML
  Rendering root/root.html.erb within layouts/application
  Rendered root/root.html.erb within layouts/application (1.6ms)
Completed 200 OK in 308ms (Views: 303.2ms | ActiveRecord: 0.0ms)


Started POST "/api/users" for ::1 at 2021-05-06 10:58:03 -0400
Processing by Api::UsersController#create as JSON
  Parameters: {"user"=>{"username"=>"hihihi", "email"=>"hi@gm.com", "password"=>"[FILTERED]"}}
  [1m[35m (5.5ms)[0m  [1m[35mBEGIN[0m
  ↳ app/controllers/api/users_controller.rb:4
  [1m[36mUser Exists (27.6ms)[0m  [1m[34mSELECT  1 AS one FROM "users" WHERE "users"."username" = $1 LIMIT $2[0m  [["username", "hihihi"], ["LIMIT", 1]]
  ↳ app/controllers/api/users_controller.rb:4
  [1m[36mUser Create (33.3ms)[0m  [1m[32mINSERT INTO "users" ("username", "email", "password_digest", "session_token") VALUES ($1, $2, $3, $4) RETURNING "id"[0m  [["username", "hihihi"], ["email", "hi@gm.com"], ["password_digest", "$2a$12$QNB5x8Gc5Og0MqOCnCZeteAXuMvhGu2jdiwMZEpSIIuE66Phwybda"], ["session_token", "dcdoHqGkFQjplAXyA7gYbg"]]
  ↳ app/controllers/api/users_controller.rb:4
  [1m[35m (12.0ms)[0m  [1m[35mCOMMIT[0m
  ↳ app/controllers/api/users_controller.rb:4
  Rendering api/users/show.json.jbuilder
  Rendered api/users/show.json.jbuilder (0.4ms)
Completed 200 OK in 547ms (Views: 5.2ms | ActiveRecord: 236.3ms)


Started GET "/api/chirps" for ::1 at 2021-05-06 10:58:04 -0400
Processing by Api::ChirpsController#index as JSON
  Rendering api/chirps/index.json.jbuilder
  [1m[36mChirp Load (54.8ms)[0m  [1m[34mSELECT "chirps".* FROM "chirps"[0m
  ↳ app/views/api/chirps/index.json.jbuilder:1
  Rendered api/chirps/_chirp.json.jbuilder (0.4ms)
  Rendered api/chirps/_chirp.json.jbuilder (0.0ms)
  Rendered api/chirps/_chirp.json.jbuilder (0.0ms)
  Rendered api/chirps/_chirp.json.jbuilder (0.0ms)
  Rendered api/chirps/index.json.jbuilder (76.3ms)
Completed 200 OK in 87ms (Views: 14.6ms | ActiveRecord: 66.5ms)


Started GET "/" for ::1 at 2021-05-06 11:12:32 -0400
Processing by RootController#root as HTML
  Rendering root/root.html.erb within layouts/application
  Rendered root/root.html.erb within layouts/application (3.8ms)
Completed 200 OK in 358ms (Views: 354.4ms | ActiveRecord: 0.0ms)


Started POST "/api/users" for ::1 at 2021-05-06 11:12:49 -0400
Processing by Api::UsersController#create as JSON
  Parameters: {"user"=>{"username"=>"hihihihihi", "email"=>"hi@hi.com", "password"=>"[FILTERED]"}}
  [1m[35m (0.3ms)[0m  [1m[35mBEGIN[0m
  ↳ app/controllers/api/users_controller.rb:4
  [1m[36mUser Exists (24.2ms)[0m  [1m[34mSELECT  1 AS one FROM "users" WHERE "users"."username" = $1 LIMIT $2[0m  [["username", "hihihihihi"], ["LIMIT", 1]]
  ↳ app/controllers/api/users_controller.rb:4
  [1m[36mUser Create (8.6ms)[0m  [1m[32mINSERT INTO "users" ("username", "email", "password_digest", "session_token") VALUES ($1, $2, $3, $4) RETURNING "id"[0m  [["username", "hihihihihi"], ["email", "hi@hi.com"], ["password_digest", "$2a$12$40tALA4XBElWMKLJgHJuC.Qoy/FspXxkUEcc8SFWRzEPkt69tNxYu"], ["session_token", "42FNns309GsMotC9iDVqXQ"]]
  ↳ app/controllers/api/users_controller.rb:4
  [1m[35m (13.3ms)[0m  [1m[35mCOMMIT[0m
  ↳ app/controllers/api/users_controller.rb:4
  Rendering api/users/show.json.jbuilder
  Rendered api/users/show.json.jbuilder (0.7ms)
Completed 200 OK in 333ms (Views: 5.1ms | ActiveRecord: 46.4ms)


Started GET "/api/chirps" for ::1 at 2021-05-06 11:12:49 -0400
Processing by Api::ChirpsController#index as JSON
  Rendering api/chirps/index.json.jbuilder
  [1m[36mChirp Load (9.9ms)[0m  [1m[34mSELECT "chirps".* FROM "chirps"[0m
  ↳ app/views/api/chirps/index.json.jbuilder:1
  Rendered api/chirps/_chirp.json.jbuilder (1.0ms)
  Rendered api/chirps/_chirp.json.jbuilder (0.1ms)
  Rendered api/chirps/_chirp.json.jbuilder (0.1ms)
  Rendered api/chirps/_chirp.json.jbuilder (0.2ms)
  Rendered api/chirps/index.json.jbuilder (16.8ms)
Completed 200 OK in 23ms (Views: 11.8ms | ActiveRecord: 9.9ms)


Started GET "/" for ::1 at 2021-05-06 11:13:17 -0400
Processing by RootController#root as HTML
  Rendering root/root.html.erb within layouts/application
  Rendered root/root.html.erb within layouts/application (0.5ms)
Completed 200 OK in 245ms (Views: 240.6ms | ActiveRecord: 0.0ms)


Started GET "/api/chirps" for ::1 at 2021-05-06 11:13:17 -0400
Processing by Api::ChirpsController#index as JSON
  Rendering api/chirps/index.json.jbuilder
  [1m[36mChirp Load (0.9ms)[0m  [1m[34mSELECT "chirps".* FROM "chirps"[0m
  ↳ app/views/api/chirps/index.json.jbuilder:1
  Rendered api/chirps/_chirp.json.jbuilder (0.3ms)
  Rendered api/chirps/_chirp.json.jbuilder (0.0ms)
  Rendered api/chirps/_chirp.json.jbuilder (0.1ms)
  Rendered api/chirps/_chirp.json.jbuilder (0.0ms)
  Rendered api/chirps/index.json.jbuilder (5.1ms)
Completed 200 OK in 13ms (Views: 10.3ms | ActiveRecord: 0.9ms)


Started POST "/api/users" for ::1 at 2021-05-06 11:13:33 -0400
Processing by Api::UsersController#create as JSON
  Parameters: {"user"=>{"username"=>"hihihi", "email"=>"hihihi@gmail.com", "password"=>"[FILTERED]"}}
  [1m[35m (6.7ms)[0m  [1m[35mBEGIN[0m
  ↳ app/controllers/api/users_controller.rb:4
  [1m[36mUser Exists (7.6ms)[0m  [1m[34mSELECT  1 AS one FROM "users" WHERE "users"."username" = $1 LIMIT $2[0m  [["username", "hihihi"], ["LIMIT", 1]]
  ↳ app/controllers/api/users_controller.rb:4
  [1m[35m (5.2ms)[0m  [1m[31mROLLBACK[0m
  ↳ app/controllers/api/users_controller.rb:4
Completed 401 Unauthorized in 1095ms (Views: 0.2ms | ActiveRecord: 19.5ms)


Started POST "/api/users" for ::1 at 2021-05-06 11:13:35 -0400
Processing by Api::UsersController#create as JSON
  Parameters: {"user"=>{"username"=>"hihihi", "email"=>"hihihi@gmail.com", "password"=>"[FILTERED]"}}
  [1m[35m (0.3ms)[0m  [1m[35mBEGIN[0m
  ↳ app/controllers/api/users_controller.rb:4
  [1m[36mUser Exists (3.1ms)[0m  [1m[34mSELECT  1 AS one FROM "users" WHERE "users"."username" = $1 LIMIT $2[0m  [["username", "hihihi"], ["LIMIT", 1]]
  ↳ app/controllers/api/users_controller.rb:4
  [1m[35m (0.2ms)[0m  [1m[31mROLLBACK[0m
  ↳ app/controllers/api/users_controller.rb:4
Completed 401 Unauthorized in 274ms (Views: 0.2ms | ActiveRecord: 3.6ms)


Started POST "/api/users" for ::1 at 2021-05-06 11:13:39 -0400
Processing by Api::UsersController#create as JSON
  Parameters: {"user"=>{"username"=>"hihihi", "email"=>"hihihi@gmail.com", "password"=>"[FILTERED]"}}
  [1m[35m (0.3ms)[0m  [1m[35mBEGIN[0m
  ↳ app/controllers/api/users_controller.rb:4
  [1m[36mUser Exists (0.9ms)[0m  [1m[34mSELECT  1 AS one FROM "users" WHERE "users"."username" = $1 LIMIT $2[0m  [["username", "hihihi"], ["LIMIT", 1]]
  ↳ app/controllers/api/users_controller.rb:4
  [1m[35m (0.2ms)[0m  [1m[31mROLLBACK[0m
  ↳ app/controllers/api/users_controller.rb:4
Completed 401 Unauthorized in 280ms (Views: 0.1ms | ActiveRecord: 1.3ms)


Started GET "/" for ::1 at 2021-05-06 11:13:40 -0400
Processing by RootController#root as HTML
  Rendering root/root.html.erb within layouts/application
  Rendered root/root.html.erb within layouts/application (0.3ms)
Completed 200 OK in 23ms (Views: 21.3ms | ActiveRecord: 0.0ms)


Started POST "/api/users" for ::1 at 2021-05-06 11:14:02 -0400
Processing by Api::UsersController#create as JSON
  Parameters: {"user"=>{"username"=>"b1111", "email"=>"b111@gmail.com", "password"=>"[FILTERED]"}}
  [1m[35m (0.6ms)[0m  [1m[35mBEGIN[0m
  ↳ app/controllers/api/users_controller.rb:4
  [1m[36mUser Exists (1.4ms)[0m  [1m[34mSELECT  1 AS one FROM "users" WHERE "users"."username" = $1 LIMIT $2[0m  [["username", "b1111"], ["LIMIT", 1]]
  ↳ app/controllers/api/users_controller.rb:4
  [1m[36mUser Create (0.9ms)[0m  [1m[32mINSERT INTO "users" ("username", "email", "password_digest", "session_token") VALUES ($1, $2, $3, $4) RETURNING "id"[0m  [["username", "b1111"], ["email", "b111@gmail.com"], ["password_digest", "$2a$12$icBTohYNEljbc5YUGwkdveoPwwBTE9hSYYi6tCDOMjXIlhb9F460S"], ["session_token", "wbNHO8BSZMxyOGN2_BdZCQ"]]
  ↳ app/controllers/api/users_controller.rb:4
  [1m[35m (16.8ms)[0m  [1m[35mCOMMIT[0m
  ↳ app/controllers/api/users_controller.rb:4
  Rendering api/users/show.json.jbuilder
  Rendered api/users/show.json.jbuilder (1.7ms)
Completed 200 OK in 308ms (Views: 7.0ms | ActiveRecord: 19.6ms)


Started GET "/api/chirps" for ::1 at 2021-05-06 11:14:02 -0400
Processing by Api::ChirpsController#index as JSON
  Rendering api/chirps/index.json.jbuilder
  [1m[36mChirp Load (0.7ms)[0m  [1m[34mSELECT "chirps".* FROM "chirps"[0m
  ↳ app/views/api/chirps/index.json.jbuilder:1
  Rendered api/chirps/_chirp.json.jbuilder (0.4ms)
  Rendered api/chirps/_chirp.json.jbuilder (0.1ms)
  Rendered api/chirps/_chirp.json.jbuilder (0.0ms)
  Rendered api/chirps/_chirp.json.jbuilder (0.0ms)
  Rendered api/chirps/index.json.jbuilder (6.1ms)
Completed 200 OK in 15ms (Views: 11.1ms | ActiveRecord: 0.7ms)


Started GET "/" for ::1 at 2021-05-06 11:17:15 -0400
Processing by RootController#root as HTML
  Rendering root/root.html.erb within layouts/application
  Rendered root/root.html.erb within layouts/application (5.1ms)
Completed 200 OK in 66ms (Views: 62.2ms | ActiveRecord: 0.0ms)


Started GET "/api/chirps" for ::1 at 2021-05-06 11:17:15 -0400
Processing by Api::ChirpsController#index as JSON
  Rendering api/chirps/index.json.jbuilder
  [1m[36mChirp Load (2.1ms)[0m  [1m[34mSELECT "chirps".* FROM "chirps"[0m
  ↳ app/views/api/chirps/index.json.jbuilder:1
  Rendered api/chirps/_chirp.json.jbuilder (0.6ms)
  Rendered api/chirps/_chirp.json.jbuilder (0.0ms)
  Rendered api/chirps/_chirp.json.jbuilder (0.1ms)
  Rendered api/chirps/_chirp.json.jbuilder (0.0ms)
  Rendered api/chirps/index.json.jbuilder (8.8ms)
Completed 200 OK in 16ms (Views: 11.5ms | ActiveRecord: 2.1ms)


Started POST "/api/users" for ::1 at 2021-05-06 11:17:25 -0400
Processing by Api::UsersController#create as JSON
  Parameters: {"user"=>{"username"=>"11113", "email"=>"11112@hi.com", "password"=>"[FILTERED]"}}
  [1m[35m (0.3ms)[0m  [1m[35mBEGIN[0m
  ↳ app/controllers/api/users_controller.rb:4
  [1m[36mUser Exists (9.4ms)[0m  [1m[34mSELECT  1 AS one FROM "users" WHERE "users"."username" = $1 LIMIT $2[0m  [["username", "11113"], ["LIMIT", 1]]
  ↳ app/controllers/api/users_controller.rb:4
  [1m[36mUser Create (21.4ms)[0m  [1m[32mINSERT INTO "users" ("username", "email", "password_digest", "session_token") VALUES ($1, $2, $3, $4) RETURNING "id"[0m  [["username", "11113"], ["email", "11112@hi.com"], ["password_digest", "$2a$12$BUUJ1My38f2IX9X0WURj0OJw7NrbDl6zmkggywha0owdhXeKHgraW"], ["session_token", "79jujqkrEk_43a5YS_pgPg"]]
  ↳ app/controllers/api/users_controller.rb:4
  [1m[35m (6.8ms)[0m  [1m[35mCOMMIT[0m
  ↳ app/controllers/api/users_controller.rb:4
  Rendering api/users/show.json.jbuilder
  Rendered api/users/show.json.jbuilder (0.8ms)
Completed 200 OK in 326ms (Views: 5.4ms | ActiveRecord: 37.9ms)


Started GET "/api/chirps" for ::1 at 2021-05-06 11:17:26 -0400
Processing by Api::ChirpsController#index as JSON
  Rendering api/chirps/index.json.jbuilder
  [1m[36mChirp Load (0.8ms)[0m  [1m[34mSELECT "chirps".* FROM "chirps"[0m
  ↳ app/views/api/chirps/index.json.jbuilder:1
  Rendered api/chirps/_chirp.json.jbuilder (0.3ms)
  Rendered api/chirps/_chirp.json.jbuilder (0.0ms)
  Rendered api/chirps/_chirp.json.jbuilder (0.0ms)
  Rendered api/chirps/_chirp.json.jbuilder (0.0ms)
  Rendered api/chirps/index.json.jbuilder (4.6ms)
Completed 200 OK in 11ms (Views: 8.7ms | ActiveRecord: 0.8ms)


Started GET "/" for ::1 at 2021-05-06 11:19:09 -0400
Processing by RootController#root as HTML
  Rendering root/root.html.erb within layouts/application
  Rendered root/root.html.erb within layouts/application (0.7ms)
Completed 200 OK in 361ms (Views: 358.5ms | ActiveRecord: 0.0ms)


Started GET "/api/chirps" for ::1 at 2021-05-06 11:19:09 -0400
Processing by Api::ChirpsController#index as JSON
  Rendering api/chirps/index.json.jbuilder
  [1m[36mChirp Load (2.3ms)[0m  [1m[34mSELECT "chirps".* FROM "chirps"[0m
  ↳ app/views/api/chirps/index.json.jbuilder:1
  Rendered api/chirps/_chirp.json.jbuilder (0.4ms)
  Rendered api/chirps/_chirp.json.jbuilder (0.0ms)
  Rendered api/chirps/_chirp.json.jbuilder (0.0ms)
  Rendered api/chirps/_chirp.json.jbuilder (0.0ms)
  Rendered api/chirps/index.json.jbuilder (7.1ms)
Completed 200 OK in 20ms (Views: 13.0ms | ActiveRecord: 2.3ms)


Started POST "/api/users" for ::1 at 2021-05-06 11:19:18 -0400
Processing by Api::UsersController#create as JSON
  Parameters: {"user"=>{"username"=>"54562452345", "email"=>"4523452@HI.COM", "password"=>"[FILTERED]"}}
  [1m[35m (2.8ms)[0m  [1m[35mBEGIN[0m
  ↳ app/controllers/api/users_controller.rb:4
  [1m[36mUser Exists (19.2ms)[0m  [1m[34mSELECT  1 AS one FROM "users" WHERE "users"."username" = $1 LIMIT $2[0m  [["username", "54562452345"], ["LIMIT", 1]]
  ↳ app/controllers/api/users_controller.rb:4
  [1m[36mUser Create (1.6ms)[0m  [1m[32mINSERT INTO "users" ("username", "email", "password_digest", "session_token") VALUES ($1, $2, $3, $4) RETURNING "id"[0m  [["username", "54562452345"], ["email", "4523452@HI.COM"], ["password_digest", "$2a$12$qHo2iCJFuhxeSx//sREWfOjjyduveDqjzKcheGyCCNji1K509jX8a"], ["session_token", "pb_1VoSb3tlmH0RxbGe0PA"]]
  ↳ app/controllers/api/users_controller.rb:4
  [1m[35m (6.4ms)[0m  [1m[35mCOMMIT[0m
  ↳ app/controllers/api/users_controller.rb:4
  Rendering api/users/show.json.jbuilder
  Rendered api/users/show.json.jbuilder (0.4ms)
Completed 200 OK in 327ms (Views: 4.7ms | ActiveRecord: 30.0ms)


Started GET "/api/chirps" for ::1 at 2021-05-06 11:19:18 -0400
Processing by Api::ChirpsController#index as JSON
  Rendering api/chirps/index.json.jbuilder
  [1m[36mChirp Load (1.4ms)[0m  [1m[34mSELECT "chirps".* FROM "chirps"[0m
  ↳ app/views/api/chirps/index.json.jbuilder:1
  Rendered api/chirps/_chirp.json.jbuilder (0.4ms)
  Rendered api/chirps/_chirp.json.jbuilder (0.1ms)
  Rendered api/chirps/_chirp.json.jbuilder (0.1ms)
  Rendered api/chirps/_chirp.json.jbuilder (0.0ms)
  Rendered api/chirps/index.json.jbuilder (10.1ms)
Completed 200 OK in 18ms (Views: 14.5ms | ActiveRecord: 1.4ms)


Started DELETE "/api/session" for ::1 at 2021-05-06 11:19:20 -0400
Processing by Api::SessionsController#destroy as JSON
  [1m[36mUser Load (0.7ms)[0m  [1m[34mSELECT  "users".* FROM "users" WHERE "users"."session_token" = $1 LIMIT $2[0m  [["session_token", "pb_1VoSb3tlmH0RxbGe0PA"], ["LIMIT", 1]]
  ↳ app/controllers/application_controller.rb:26
  [1m[35m (0.3ms)[0m  [1m[35mBEGIN[0m
  ↳ app/models/user.rb:84
  [1m[36mUser Exists (12.9ms)[0m  [1m[34mSELECT  1 AS one FROM "users" WHERE "users"."username" = $1 AND "users"."id" != $2 LIMIT $3[0m  [["username", "54562452345"], ["id", 14], ["LIMIT", 1]]
  ↳ app/models/user.rb:84
  [1m[36mUser Update (21.5ms)[0m  [1m[33mUPDATE "users" SET "session_token" = $1 WHERE "users"."id" = $2[0m  [["session_token", "Jc2_KBU6zwju8q5b0NuB9Q"], ["id", 14]]
  ↳ app/models/user.rb:84
  [1m[35m (0.3ms)[0m  [1m[35mCOMMIT[0m
  ↳ app/models/user.rb:84
Completed 200 OK in 79ms (Views: 0.5ms | ActiveRecord: 51.1ms)


Started POST "/api/users" for ::1 at 2021-05-06 11:26:18 -0400
Processing by Api::UsersController#create as JSON
  Parameters: {"user"=>{"username"=>"45234523452345", "email"=>"dl;sdkfjas@aol.com", "password"=>"[FILTERED]"}}
  [1m[35m (2.8ms)[0m  [1m[35mBEGIN[0m
  ↳ app/controllers/api/users_controller.rb:4
  [1m[36mUser Exists (27.0ms)[0m  [1m[34mSELECT  1 AS one FROM "users" WHERE "users"."username" = $1 LIMIT $2[0m  [["username", "45234523452345"], ["LIMIT", 1]]
  ↳ app/controllers/api/users_controller.rb:4
  [1m[36mUser Create (13.5ms)[0m  [1m[32mINSERT INTO "users" ("username", "email", "password_digest", "session_token") VALUES ($1, $2, $3, $4) RETURNING "id"[0m  [["username", "45234523452345"], ["email", "dl;sdkfjas@aol.com"], ["password_digest", "$2a$12$ZEubOIAA/usw9tfw6Oc4ReL/O6Pvdd3/BByuGulNA.Rx050ovXnrO"], ["session_token", "vqSm3RjrL8S1Y7ntQNPx6Q"]]
  ↳ app/controllers/api/users_controller.rb:4
  [1m[35m (11.5ms)[0m  [1m[35mCOMMIT[0m
  ↳ app/controllers/api/users_controller.rb:4
  Rendering api/users/show.json.jbuilder
  Rendered api/users/show.json.jbuilder (2.2ms)
Completed 200 OK in 345ms (Views: 7.3ms | ActiveRecord: 54.9ms)


Started GET "/api/chirps" for ::1 at 2021-05-06 11:26:18 -0400
Processing by Api::ChirpsController#index as JSON
  Rendering api/chirps/index.json.jbuilder
  [1m[36mChirp Load (21.2ms)[0m  [1m[34mSELECT "chirps".* FROM "chirps"[0m
  ↳ app/views/api/chirps/index.json.jbuilder:1
  Rendered api/chirps/_chirp.json.jbuilder (0.4ms)
  Rendered api/chirps/_chirp.json.jbuilder (0.1ms)
  Rendered api/chirps/_chirp.json.jbuilder (0.0ms)
  Rendered api/chirps/_chirp.json.jbuilder (0.2ms)
  Rendered api/chirps/index.json.jbuilder (27.3ms)
Completed 200 OK in 37ms (Views: 13.0ms | ActiveRecord: 21.2ms)


Started GET "/" for ::1 at 2021-05-06 11:26:22 -0400
Processing by RootController#root as HTML
  Rendering root/root.html.erb within layouts/application
  Rendered root/root.html.erb within layouts/application (0.4ms)
  [1m[36mUser Load (0.7ms)[0m  [1m[34mSELECT  "users".* FROM "users" WHERE "users"."session_token" = $1 LIMIT $2[0m  [["session_token", "vqSm3RjrL8S1Y7ntQNPx6Q"], ["LIMIT", 1]]
  ↳ app/controllers/application_controller.rb:26
Completed 200 OK in 66ms (Views: 61.0ms | ActiveRecord: 1.1ms)


Started GET "/api/chirps" for ::1 at 2021-05-06 11:26:22 -0400
Processing by Api::ChirpsController#index as JSON
  Rendering api/chirps/index.json.jbuilder
  [1m[36mChirp Load (7.8ms)[0m  [1m[34mSELECT "chirps".* FROM "chirps"[0m
  ↳ app/views/api/chirps/index.json.jbuilder:1
  Rendered api/chirps/_chirp.json.jbuilder (0.3ms)
  Rendered api/chirps/_chirp.json.jbuilder (0.0ms)
  Rendered api/chirps/_chirp.json.jbuilder (0.0ms)
  Rendered api/chirps/_chirp.json.jbuilder (0.0ms)
  Rendered api/chirps/index.json.jbuilder (11.9ms)
Completed 200 OK in 20ms (Views: 11.0ms | ActiveRecord: 7.8ms)


Started GET "/" for ::1 at 2021-05-06 11:27:44 -0400
Processing by RootController#root as HTML
  Rendering root/root.html.erb within layouts/application
  Rendered root/root.html.erb within layouts/application (1.2ms)
  [1m[36mUser Load (1.1ms)[0m  [1m[34mSELECT  "users".* FROM "users" WHERE "users"."session_token" = $1 LIMIT $2[0m  [["session_token", "vqSm3RjrL8S1Y7ntQNPx6Q"], ["LIMIT", 1]]
  ↳ app/controllers/application_controller.rb:26
Completed 200 OK in 49ms (Views: 41.9ms | ActiveRecord: 1.1ms)


Started GET "/api/chirps" for ::1 at 2021-05-06 11:27:45 -0400
Processing by Api::ChirpsController#index as JSON
  Rendering api/chirps/index.json.jbuilder
  [1m[36mChirp Load (3.3ms)[0m  [1m[34mSELECT "chirps".* FROM "chirps"[0m
  ↳ app/views/api/chirps/index.json.jbuilder:1
  Rendered api/chirps/_chirp.json.jbuilder (0.8ms)
  Rendered api/chirps/_chirp.json.jbuilder (0.1ms)
  Rendered api/chirps/_chirp.json.jbuilder (0.0ms)
  Rendered api/chirps/_chirp.json.jbuilder (0.0ms)
  Rendered api/chirps/index.json.jbuilder (8.3ms)
Completed 200 OK in 19ms (Views: 11.4ms | ActiveRecord: 3.3ms)


Started POST "/api/users" for ::1 at 2021-05-06 11:27:52 -0400
Processing by Api::UsersController#create as JSON
  Parameters: {"user"=>{"username"=>"asdfasdfas", "email"=>"dfasdf@aol.com", "password"=>"[FILTERED]"}}
  [1m[35m (0.3ms)[0m  [1m[35mBEGIN[0m
  ↳ app/controllers/api/users_controller.rb:4
  [1m[36mUser Exists (0.7ms)[0m  [1m[34mSELECT  1 AS one FROM "users" WHERE "users"."username" = $1 LIMIT $2[0m  [["username", "asdfasdfas"], ["LIMIT", 1]]
  ↳ app/controllers/api/users_controller.rb:4
  [1m[36mUser Create (6.0ms)[0m  [1m[32mINSERT INTO "users" ("username", "email", "password_digest", "session_token") VALUES ($1, $2, $3, $4) RETURNING "id"[0m  [["username", "asdfasdfas"], ["email", "dfasdf@aol.com"], ["password_digest", "$2a$12$ygrsr4fx4x7oJBd3uM8h7OcrfeFyC.AhIB3VGRk/LyWuTkrm9LXKC"], ["session_token", "EIZQoJkuqh1--Qtt5oci1g"]]
  ↳ app/controllers/api/users_controller.rb:4
  [1m[35m (7.2ms)[0m  [1m[35mCOMMIT[0m
  ↳ app/controllers/api/users_controller.rb:4
  Rendering api/users/show.json.jbuilder
  Rendered api/users/show.json.jbuilder (0.7ms)
Completed 200 OK in 300ms (Views: 5.1ms | ActiveRecord: 14.2ms)


Started GET "/api/chirps" for ::1 at 2021-05-06 11:27:52 -0400
Processing by Api::ChirpsController#index as JSON
  Rendering api/chirps/index.json.jbuilder
  [1m[36mChirp Load (0.8ms)[0m  [1m[34mSELECT "chirps".* FROM "chirps"[0m
  ↳ app/views/api/chirps/index.json.jbuilder:1
  Rendered api/chirps/_chirp.json.jbuilder (0.3ms)
  Rendered api/chirps/_chirp.json.jbuilder (0.2ms)
  Rendered api/chirps/_chirp.json.jbuilder (0.1ms)
  Rendered api/chirps/_chirp.json.jbuilder (0.3ms)
  Rendered api/chirps/index.json.jbuilder (8.3ms)
Completed 200 OK in 15ms (Views: 12.0ms | ActiveRecord: 0.8ms)


Started GET "/" for ::1 at 2021-05-06 11:27:52 -0400
Processing by RootController#root as HTML
  Rendering root/root.html.erb within layouts/application
  Rendered root/root.html.erb within layouts/application (0.4ms)
  [1m[36mUser Load (0.8ms)[0m  [1m[34mSELECT  "users".* FROM "users" WHERE "users"."session_token" = $1 LIMIT $2[0m  [["session_token", "EIZQoJkuqh1--Qtt5oci1g"], ["LIMIT", 1]]
  ↳ app/controllers/application_controller.rb:26
Completed 200 OK in 30ms (Views: 25.9ms | ActiveRecord: 0.8ms)


Started GET "/api/chirps" for ::1 at 2021-05-06 11:27:52 -0400
Processing by Api::ChirpsController#index as JSON
  Rendering api/chirps/index.json.jbuilder
  [1m[36mChirp Load (0.9ms)[0m  [1m[34mSELECT "chirps".* FROM "chirps"[0m
  ↳ app/views/api/chirps/index.json.jbuilder:1
  Rendered api/chirps/_chirp.json.jbuilder (2.4ms)
  Rendered api/chirps/_chirp.json.jbuilder (0.1ms)
  Rendered api/chirps/_chirp.json.jbuilder (0.1ms)
  Rendered api/chirps/_chirp.json.jbuilder (0.2ms)
  Rendered api/chirps/index.json.jbuilder (12.8ms)
Completed 200 OK in 21ms (Views: 17.6ms | ActiveRecord: 0.9ms)


Started GET "/" for ::1 at 2021-05-06 11:31:44 -0400
Processing by RootController#root as HTML
  Rendering root/root.html.erb within layouts/application
  Rendered root/root.html.erb within layouts/application (1.2ms)
  [1m[36mUser Load (0.8ms)[0m  [1m[34mSELECT  "users".* FROM "users" WHERE "users"."session_token" = $1 LIMIT $2[0m  [["session_token", "EIZQoJkuqh1--Qtt5oci1g"], ["LIMIT", 1]]
  ↳ app/controllers/application_controller.rb:26
Completed 200 OK in 42ms (Views: 38.2ms | ActiveRecord: 0.8ms)


Started GET "/api/chirps" for ::1 at 2021-05-06 11:31:45 -0400
Processing by Api::ChirpsController#index as JSON
  Rendering api/chirps/index.json.jbuilder
  [1m[36mChirp Load (4.3ms)[0m  [1m[34mSELECT "chirps".* FROM "chirps"[0m
  ↳ app/views/api/chirps/index.json.jbuilder:1
  Rendered api/chirps/_chirp.json.jbuilder (0.7ms)
  Rendered api/chirps/_chirp.json.jbuilder (0.2ms)
  Rendered api/chirps/_chirp.json.jbuilder (0.1ms)
  Rendered api/chirps/_chirp.json.jbuilder (0.1ms)
  Rendered api/chirps/index.json.jbuilder (17.6ms)
Completed 200 OK in 35ms (Views: 23.3ms | ActiveRecord: 4.3ms)


Started POST "/api/users" for ::1 at 2021-05-06 11:31:57 -0400
Processing by Api::UsersController#create as JSON
  Parameters: {"user"=>{"username"=>"sebs", "email"=>"sebs@gmail.com", "password"=>"[FILTERED]"}}
  [1m[35m (0.2ms)[0m  [1m[35mBEGIN[0m
  ↳ app/controllers/api/users_controller.rb:4
  [1m[36mUser Exists (12.4ms)[0m  [1m[34mSELECT  1 AS one FROM "users" WHERE "users"."username" = $1 LIMIT $2[0m  [["username", "sebs"], ["LIMIT", 1]]
  ↳ app/controllers/api/users_controller.rb:4
  [1m[36mUser Create (8.0ms)[0m  [1m[32mINSERT INTO "users" ("username", "email", "password_digest", "session_token") VALUES ($1, $2, $3, $4) RETURNING "id"[0m  [["username", "sebs"], ["email", "sebs@gmail.com"], ["password_digest", "$2a$12$Bw8MMdCFbV66LOrD5F6NzeR8c9wVeAdNpUqsqQ8lcKDcHdk0OpjGG"], ["session_token", "8wglOMi24gTOVYOxFNOgfg"]]
  ↳ app/controllers/api/users_controller.rb:4
  [1m[35m (6.2ms)[0m  [1m[35mCOMMIT[0m
  ↳ app/controllers/api/users_controller.rb:4
  Rendering api/users/show.json.jbuilder
  Rendered api/users/show.json.jbuilder (0.4ms)
Completed 200 OK in 313ms (Views: 5.1ms | ActiveRecord: 26.8ms)


Started GET "/api/chirps" for ::1 at 2021-05-06 11:31:57 -0400
Processing by Api::ChirpsController#index as JSON
  Rendering api/chirps/index.json.jbuilder
  [1m[36mChirp Load (1.1ms)[0m  [1m[34mSELECT "chirps".* FROM "chirps"[0m
  ↳ app/views/api/chirps/index.json.jbuilder:1
  Rendered api/chirps/_chirp.json.jbuilder (1.4ms)
  Rendered api/chirps/_chirp.json.jbuilder (0.2ms)
  Rendered api/chirps/_chirp.json.jbuilder (0.1ms)
  Rendered api/chirps/_chirp.json.jbuilder (0.1ms)
  Rendered api/chirps/index.json.jbuilder (8.8ms)
Completed 200 OK in 17ms (Views: 13.8ms | ActiveRecord: 1.1ms)


Started DELETE "/api/session" for ::1 at 2021-05-06 11:32:00 -0400
Processing by Api::SessionsController#destroy as JSON
  [1m[36mUser Load (5.7ms)[0m  [1m[34mSELECT  "users".* FROM "users" WHERE "users"."session_token" = $1 LIMIT $2[0m  [["session_token", "8wglOMi24gTOVYOxFNOgfg"], ["LIMIT", 1]]
  ↳ app/controllers/application_controller.rb:26
  [1m[35m (0.2ms)[0m  [1m[35mBEGIN[0m
  ↳ app/models/user.rb:84
  [1m[36mUser Exists (14.7ms)[0m  [1m[34mSELECT  1 AS one FROM "users" WHERE "users"."username" = $1 AND "users"."id" != $2 LIMIT $3[0m  [["username", "sebs"], ["id", 17], ["LIMIT", 1]]
  ↳ app/models/user.rb:84
  [1m[36mUser Update (26.6ms)[0m  [1m[33mUPDATE "users" SET "session_token" = $1 WHERE "users"."id" = $2[0m  [["session_token", "zzeZJVk4WAcUVktUophkSA"], ["id", 17]]
  ↳ app/models/user.rb:84
  [1m[35m (0.6ms)[0m  [1m[35mCOMMIT[0m
  ↳ app/models/user.rb:84
Completed 200 OK in 55ms (Views: 1.0ms | ActiveRecord: 48.0ms)


Started POST "/api/users" for ::1 at 2021-05-06 11:32:15 -0400
Processing by Api::UsersController#create as JSON
  Parameters: {"user"=>{"username"=>"sebs1", "email"=>"sebs1@gmail.com", "password"=>"[FILTERED]"}}
  [1m[35m (0.3ms)[0m  [1m[35mBEGIN[0m
  ↳ app/controllers/api/users_controller.rb:4
  [1m[36mUser Exists (1.0ms)[0m  [1m[34mSELECT  1 AS one FROM "users" WHERE "users"."username" = $1 LIMIT $2[0m  [["username", "sebs1"], ["LIMIT", 1]]
  ↳ app/controllers/api/users_controller.rb:4
  [1m[36mUser Create (0.5ms)[0m  [1m[32mINSERT INTO "users" ("username", "email", "password_digest", "session_token") VALUES ($1, $2, $3, $4) RETURNING "id"[0m  [["username", "sebs1"], ["email", "sebs1@gmail.com"], ["password_digest", "$2a$12$E306dtNkSPOBNSefH/V/rewILXicZ8P6p4bQmWKK21JBfIrPCjnjm"], ["session_token", "jbdcBNhr-4gYuHvQPUwgiQ"]]
  ↳ app/controllers/api/users_controller.rb:4
  [1m[35m (11.7ms)[0m  [1m[35mCOMMIT[0m
  ↳ app/controllers/api/users_controller.rb:4
  Rendering api/users/show.json.jbuilder
  Rendered api/users/show.json.jbuilder (0.3ms)
Completed 200 OK in 297ms (Views: 4.7ms | ActiveRecord: 13.4ms)


Started GET "/api/chirps" for ::1 at 2021-05-06 11:32:15 -0400
Processing by Api::ChirpsController#index as JSON
  Rendering api/chirps/index.json.jbuilder
  [1m[36mChirp Load (4.0ms)[0m  [1m[34mSELECT "chirps".* FROM "chirps"[0m
  ↳ app/views/api/chirps/index.json.jbuilder:1
  Rendered api/chirps/_chirp.json.jbuilder (0.4ms)
  Rendered api/chirps/_chirp.json.jbuilder (0.0ms)
  Rendered api/chirps/_chirp.json.jbuilder (0.0ms)
  Rendered api/chirps/_chirp.json.jbuilder (0.1ms)
  Rendered api/chirps/index.json.jbuilder (10.7ms)
Completed 200 OK in 17ms (Views: 11.6ms | ActiveRecord: 4.0ms)


Started GET "/" for ::1 at 2021-05-06 11:32:19 -0400
Processing by RootController#root as HTML
  Rendering root/root.html.erb within layouts/application
  Rendered root/root.html.erb within layouts/application (2.1ms)
  [1m[36mUser Load (11.7ms)[0m  [1m[34mSELECT  "users".* FROM "users" WHERE "users"."session_token" = $1 LIMIT $2[0m  [["session_token", "jbdcBNhr-4gYuHvQPUwgiQ"], ["LIMIT", 1]]
  ↳ app/controllers/application_controller.rb:26
Completed 200 OK in 71ms (Views: 55.0ms | ActiveRecord: 11.7ms)


Started GET "/api/chirps" for ::1 at 2021-05-06 11:32:19 -0400
Processing by Api::ChirpsController#index as JSON
  Rendering api/chirps/index.json.jbuilder
  [1m[36mChirp Load (2.3ms)[0m  [1m[34mSELECT "chirps".* FROM "chirps"[0m
  ↳ app/views/api/chirps/index.json.jbuilder:1
  Rendered api/chirps/_chirp.json.jbuilder (0.6ms)
  Rendered api/chirps/_chirp.json.jbuilder (0.1ms)
  Rendered api/chirps/_chirp.json.jbuilder (0.0ms)
  Rendered api/chirps/_chirp.json.jbuilder (0.0ms)
  Rendered api/chirps/index.json.jbuilder (6.9ms)
Completed 200 OK in 17ms (Views: 12.4ms | ActiveRecord: 2.3ms)


Started GET "/" for ::1 at 2021-05-06 11:33:18 -0400
Processing by RootController#root as HTML
  Rendering root/root.html.erb within layouts/application
  Rendered root/root.html.erb within layouts/application (1.7ms)
  [1m[36mUser Load (12.1ms)[0m  [1m[34mSELECT  "users".* FROM "users" WHERE "users"."session_token" = $1 LIMIT $2[0m  [["session_token", "jbdcBNhr-4gYuHvQPUwgiQ"], ["LIMIT", 1]]
  ↳ app/controllers/application_controller.rb:26
Completed 200 OK in 99ms (Views: 76.0ms | ActiveRecord: 12.1ms)


Started GET "/api/chirps" for ::1 at 2021-05-06 11:33:18 -0400
Processing by Api::ChirpsController#index as JSON
  Rendering api/chirps/index.json.jbuilder
  [1m[36mChirp Load (23.7ms)[0m  [1m[34mSELECT "chirps".* FROM "chirps"[0m
  ↳ app/views/api/chirps/index.json.jbuilder:1
  Rendered api/chirps/_chirp.json.jbuilder (0.5ms)
  Rendered api/chirps/_chirp.json.jbuilder (0.1ms)
  Rendered api/chirps/_chirp.json.jbuilder (0.0ms)
  Rendered api/chirps/_chirp.json.jbuilder (0.0ms)
  Rendered api/chirps/index.json.jbuilder (29.3ms)
Completed 200 OK in 43ms (Views: 14.6ms | ActiveRecord: 23.7ms)


Started GET "/" for ::1 at 2021-05-06 11:33:20 -0400
Processing by RootController#root as HTML
  Rendering root/root.html.erb within layouts/application
  Rendered root/root.html.erb within layouts/application (0.6ms)
  [1m[36mUser Load (0.6ms)[0m  [1m[34mSELECT  "users".* FROM "users" WHERE "users"."session_token" = $1 LIMIT $2[0m  [["session_token", "jbdcBNhr-4gYuHvQPUwgiQ"], ["LIMIT", 1]]
  ↳ app/controllers/application_controller.rb:26
Completed 200 OK in 41ms (Views: 36.1ms | ActiveRecord: 0.6ms)


Started GET "/api/chirps" for ::1 at 2021-05-06 11:33:20 -0400
Processing by Api::ChirpsController#index as JSON
  Rendering api/chirps/index.json.jbuilder
  [1m[36mChirp Load (0.9ms)[0m  [1m[34mSELECT "chirps".* FROM "chirps"[0m
  ↳ app/views/api/chirps/index.json.jbuilder:1
  Rendered api/chirps/_chirp.json.jbuilder (0.5ms)
  Rendered api/chirps/_chirp.json.jbuilder (0.1ms)
  Rendered api/chirps/_chirp.json.jbuilder (0.0ms)
  Rendered api/chirps/_chirp.json.jbuilder (0.0ms)
  Rendered api/chirps/index.json.jbuilder (6.9ms)
Completed 200 OK in 15ms (Views: 12.1ms | ActiveRecord: 0.9ms)


Started GET "/" for ::1 at 2021-05-06 11:43:43 -0400
Processing by RootController#root as HTML
  Rendering root/root.html.erb within layouts/application
  Rendered root/root.html.erb within layouts/application (2.6ms)
  [1m[36mUser Load (7.1ms)[0m  [1m[34mSELECT  "users".* FROM "users" WHERE "users"."session_token" = $1 LIMIT $2[0m  [["session_token", "jbdcBNhr-4gYuHvQPUwgiQ"], ["LIMIT", 1]]
  ↳ app/controllers/application_controller.rb:26
Completed 200 OK in 507ms (Views: 489.8ms | ActiveRecord: 8.0ms)


Started GET "/" for ::1 at 2021-05-06 11:43:46 -0400
Processing by RootController#root as HTML
  Rendering root/root.html.erb within layouts/application
  Rendered root/root.html.erb within layouts/application (1.7ms)
  [1m[36mUser Load (0.8ms)[0m  [1m[34mSELECT  "users".* FROM "users" WHERE "users"."session_token" = $1 LIMIT $2[0m  [["session_token", "jbdcBNhr-4gYuHvQPUwgiQ"], ["LIMIT", 1]]
  ↳ app/controllers/application_controller.rb:26
Completed 200 OK in 83ms (Views: 60.5ms | ActiveRecord: 0.8ms)


Started GET "/" for ::1 at 2021-05-06 11:44:05 -0400
Processing by RootController#root as HTML
  Rendering root/root.html.erb within layouts/application
  Rendered root/root.html.erb within layouts/application (0.4ms)
  [1m[36mUser Load (0.7ms)[0m  [1m[34mSELECT  "users".* FROM "users" WHERE "users"."session_token" = $1 LIMIT $2[0m  [["session_token", "jbdcBNhr-4gYuHvQPUwgiQ"], ["LIMIT", 1]]
  ↳ app/controllers/application_controller.rb:26
Completed 200 OK in 38ms (Views: 32.1ms | ActiveRecord: 0.7ms)


Started GET "/" for ::1 at 2021-05-06 11:44:19 -0400
Processing by RootController#root as HTML
  Rendering root/root.html.erb within layouts/application
  Rendered root/root.html.erb within layouts/application (4.0ms)
  [1m[36mUser Load (24.3ms)[0m  [1m[34mSELECT  "users".* FROM "users" WHERE "users"."session_token" = $1 LIMIT $2[0m  [["session_token", "jbdcBNhr-4gYuHvQPUwgiQ"], ["LIMIT", 1]]
  ↳ app/controllers/application_controller.rb:26
Completed 200 OK in 623ms (Views: 587.7ms | ActiveRecord: 24.3ms)


Started GET "/api/chirps" for ::1 at 2021-05-06 11:44:20 -0400
Processing by Api::ChirpsController#index as JSON
  Rendering api/chirps/index.json.jbuilder
  [1m[36mChirp Load (134.5ms)[0m  [1m[34mSELECT "chirps".* FROM "chirps"[0m
  ↳ app/views/api/chirps/index.json.jbuilder:1
  Rendered api/chirps/_chirp.json.jbuilder (9.4ms)
  Rendered api/chirps/_chirp.json.jbuilder (0.2ms)
  Rendered api/chirps/_chirp.json.jbuilder (0.3ms)
  Rendered api/chirps/_chirp.json.jbuilder (0.2ms)
  Rendered api/chirps/index.json.jbuilder (167.7ms)
Completed 200 OK in 180ms (Views: 40.3ms | ActiveRecord: 134.5ms)


Started DELETE "/api/session" for ::1 at 2021-05-06 11:44:45 -0400
Processing by Api::SessionsController#destroy as JSON
  [1m[36mUser Load (2.4ms)[0m  [1m[34mSELECT  "users".* FROM "users" WHERE "users"."session_token" = $1 LIMIT $2[0m  [["session_token", "jbdcBNhr-4gYuHvQPUwgiQ"], ["LIMIT", 1]]
  ↳ app/controllers/application_controller.rb:26
  [1m[35m (0.2ms)[0m  [1m[35mBEGIN[0m
  ↳ app/models/user.rb:84
  [1m[36mUser Exists (1.4ms)[0m  [1m[34mSELECT  1 AS one FROM "users" WHERE "users"."username" = $1 AND "users"."id" != $2 LIMIT $3[0m  [["username", "sebs1"], ["id", 18], ["LIMIT", 1]]
  ↳ app/models/user.rb:84
  [1m[36mUser Update (11.1ms)[0m  [1m[33mUPDATE "users" SET "session_token" = $1 WHERE "users"."id" = $2[0m  [["session_token", "LC97rxAUAPFYjff_p1K-_w"], ["id", 18]]
  ↳ app/models/user.rb:84
  [1m[35m (10.2ms)[0m  [1m[35mCOMMIT[0m
  ↳ app/models/user.rb:84
Completed 200 OK in 44ms (Views: 1.0ms | ActiveRecord: 31.3ms)


Started POST "/api/users" for ::1 at 2021-05-06 11:45:02 -0400
Processing by Api::UsersController#create as JSON
  Parameters: {"user"=>{"username"=>"sebs111", "email"=>"sebs111@gmail.com", "password"=>"[FILTERED]"}}
  [1m[35m (0.2ms)[0m  [1m[35mBEGIN[0m
  ↳ app/controllers/api/users_controller.rb:4
  [1m[36mUser Exists (0.7ms)[0m  [1m[34mSELECT  1 AS one FROM "users" WHERE "users"."username" = $1 LIMIT $2[0m  [["username", "sebs111"], ["LIMIT", 1]]
  ↳ app/controllers/api/users_controller.rb:4
  [1m[36mUser Create (14.3ms)[0m  [1m[32mINSERT INTO "users" ("username", "email", "password_digest", "session_token") VALUES ($1, $2, $3, $4) RETURNING "id"[0m  [["username", "sebs111"], ["email", "sebs111@gmail.com"], ["password_digest", "$2a$12$y8NGVUTNqUFpETONrM/TZe78TaSgc9LYMuQvf43F0Dx6jbRdZOvC."], ["session_token", "VxmlBeprcYjI82vP2VxJTQ"]]
  ↳ app/controllers/api/users_controller.rb:4
  [1m[35m (7.8ms)[0m  [1m[35mCOMMIT[0m
  ↳ app/controllers/api/users_controller.rb:4
  Rendering api/users/show.json.jbuilder
  Rendered api/users/show.json.jbuilder (0.5ms)
Completed 200 OK in 307ms (Views: 5.8ms | ActiveRecord: 23.1ms)


Started GET "/api/chirps" for ::1 at 2021-05-06 11:45:02 -0400
Processing by Api::ChirpsController#index as JSON
  Rendering api/chirps/index.json.jbuilder
  [1m[36mChirp Load (18.0ms)[0m  [1m[34mSELECT "chirps".* FROM "chirps"[0m
  ↳ app/views/api/chirps/index.json.jbuilder:1
  Rendered api/chirps/_chirp.json.jbuilder (0.6ms)
  Rendered api/chirps/_chirp.json.jbuilder (0.2ms)
  Rendered api/chirps/_chirp.json.jbuilder (0.0ms)
  Rendered api/chirps/_chirp.json.jbuilder (0.0ms)
  Rendered api/chirps/index.json.jbuilder (26.1ms)
Completed 200 OK in 34ms (Views: 13.8ms | ActiveRecord: 18.0ms)


Started GET "/" for ::1 at 2021-05-06 11:45:34 -0400
Processing by RootController#root as HTML
  Rendering root/root.html.erb within layouts/application
  Rendered root/root.html.erb within layouts/application (1.5ms)
  [1m[36mUser Load (0.6ms)[0m  [1m[34mSELECT  "users".* FROM "users" WHERE "users"."session_token" = $1 LIMIT $2[0m  [["session_token", "VxmlBeprcYjI82vP2VxJTQ"], ["LIMIT", 1]]
  ↳ app/controllers/application_controller.rb:26
Completed 200 OK in 43ms (Views: 37.0ms | ActiveRecord: 0.6ms)


Started GET "/api/chirps" for ::1 at 2021-05-06 11:45:47 -0400
Processing by Api::ChirpsController#index as JSON
  Rendering api/chirps/index.json.jbuilder
  [1m[36mChirp Load (0.5ms)[0m  [1m[34mSELECT "chirps".* FROM "chirps"[0m
  ↳ app/views/api/chirps/index.json.jbuilder:1
  Rendered api/chirps/_chirp.json.jbuilder (0.2ms)
  Rendered api/chirps/_chirp.json.jbuilder (0.0ms)
  Rendered api/chirps/_chirp.json.jbuilder (0.0ms)
  Rendered api/chirps/_chirp.json.jbuilder (0.0ms)
  Rendered api/chirps/index.json.jbuilder (4.0ms)
Completed 200 OK in 11ms (Views: 7.9ms | ActiveRecord: 0.5ms)


Started DELETE "/api/session" for ::1 at 2021-05-06 11:46:04 -0400
Processing by Api::SessionsController#destroy as JSON
  [1m[36mUser Load (0.7ms)[0m  [1m[34mSELECT  "users".* FROM "users" WHERE "users"."session_token" = $1 LIMIT $2[0m  [["session_token", "VxmlBeprcYjI82vP2VxJTQ"], ["LIMIT", 1]]
  ↳ app/controllers/application_controller.rb:26
  [1m[35m (0.2ms)[0m  [1m[35mBEGIN[0m
  ↳ app/models/user.rb:84
  [1m[36mUser Exists (0.7ms)[0m  [1m[34mSELECT  1 AS one FROM "users" WHERE "users"."username" = $1 AND "users"."id" != $2 LIMIT $3[0m  [["username", "sebs111"], ["id", 19], ["LIMIT", 1]]
  ↳ app/models/user.rb:84
  [1m[36mUser Update (3.4ms)[0m  [1m[33mUPDATE "users" SET "session_token" = $1 WHERE "users"."id" = $2[0m  [["session_token", "aesdhYUo33xH_ev9aKypXg"], ["id", 19]]
  ↳ app/models/user.rb:84
  [1m[35m (7.7ms)[0m  [1m[35mCOMMIT[0m
  ↳ app/models/user.rb:84
Completed 200 OK in 20ms (Views: 0.3ms | ActiveRecord: 12.7ms)


Started GET "/" for ::1 at 2021-05-06 11:50:39 -0400
Processing by RootController#root as HTML
  Rendering root/root.html.erb within layouts/application
  Rendered root/root.html.erb within layouts/application (4.1ms)
Completed 200 OK in 395ms (Views: 391.1ms | ActiveRecord: 0.0ms)


Started POST "/api/users" for ::1 at 2021-05-06 11:51:03 -0400
Processing by Api::UsersController#create as JSON
  Parameters: {"user"=>{"username"=>"hiiiii1", "email"=>"hiiiii1@hello.com", "password"=>"[FILTERED]"}}
  [1m[35m (1.0ms)[0m  [1m[35mBEGIN[0m
  ↳ app/controllers/api/users_controller.rb:4
  [1m[36mUser Exists (19.4ms)[0m  [1m[34mSELECT  1 AS one FROM "users" WHERE "users"."username" = $1 LIMIT $2[0m  [["username", "hiiiii1"], ["LIMIT", 1]]
  ↳ app/controllers/api/users_controller.rb:4
  [1m[36mUser Create (7.0ms)[0m  [1m[32mINSERT INTO "users" ("username", "email", "password_digest", "session_token") VALUES ($1, $2, $3, $4) RETURNING "id"[0m  [["username", "hiiiii1"], ["email", "hiiiii1@hello.com"], ["password_digest", "$2a$12$a.xhlJMu6gpWi56G8T0VzeAxJpkY2fqm5gDtAWM8GGQL.Ju.AtIaC"], ["session_token", "pugFMU3SCZaj5JLWmRZoSQ"]]
  ↳ app/controllers/api/users_controller.rb:4
  [1m[35m (6.5ms)[0m  [1m[35mCOMMIT[0m
  ↳ app/controllers/api/users_controller.rb:4
  Rendering api/users/show.json.jbuilder
  Rendered api/users/show.json.jbuilder (2.4ms)
Completed 200 OK in 330ms (Views: 7.1ms | ActiveRecord: 34.0ms)


Started GET "/api/chirps" for ::1 at 2021-05-06 11:51:04 -0400
Processing by Api::ChirpsController#index as JSON
  Rendering api/chirps/index.json.jbuilder
  [1m[36mChirp Load (20.1ms)[0m  [1m[34mSELECT "chirps".* FROM "chirps"[0m
  ↳ app/views/api/chirps/index.json.jbuilder:1
  Rendered api/chirps/_chirp.json.jbuilder (0.6ms)
  Rendered api/chirps/_chirp.json.jbuilder (0.0ms)
  Rendered api/chirps/_chirp.json.jbuilder (0.0ms)
  Rendered api/chirps/_chirp.json.jbuilder (0.0ms)
  Rendered api/chirps/index.json.jbuilder (26.1ms)
Completed 200 OK in 33ms (Views: 10.7ms | ActiveRecord: 20.1ms)


Started DELETE "/api/session" for ::1 at 2021-05-06 11:52:00 -0400
Processing by Api::SessionsController#destroy as JSON
  [1m[36mUser Load (0.7ms)[0m  [1m[34mSELECT  "users".* FROM "users" WHERE "users"."session_token" = $1 LIMIT $2[0m  [["session_token", "pugFMU3SCZaj5JLWmRZoSQ"], ["LIMIT", 1]]
  ↳ app/controllers/application_controller.rb:26
  [1m[35m (0.4ms)[0m  [1m[35mBEGIN[0m
  ↳ app/models/user.rb:84
  [1m[36mUser Exists (20.3ms)[0m  [1m[34mSELECT  1 AS one FROM "users" WHERE "users"."username" = $1 AND "users"."id" != $2 LIMIT $3[0m  [["username", "hiiiii1"], ["id", 20], ["LIMIT", 1]]
  ↳ app/models/user.rb:84
  [1m[36mUser Update (7.5ms)[0m  [1m[33mUPDATE "users" SET "session_token" = $1 WHERE "users"."id" = $2[0m  [["session_token", "mZHJ_SXOFDHerQxKBZ5e5Q"], ["id", 20]]
  ↳ app/models/user.rb:84
  [1m[35m (21.0ms)[0m  [1m[35mCOMMIT[0m
  ↳ app/models/user.rb:84
Completed 200 OK in 59ms (Views: 0.5ms | ActiveRecord: 50.0ms)


Started GET "/" for ::1 at 2021-05-06 11:53:23 -0400
Processing by RootController#root as HTML
  Rendering root/root.html.erb within layouts/application
  Rendered root/root.html.erb within layouts/application (1.8ms)
Completed 200 OK in 50ms (Views: 47.8ms | ActiveRecord: 0.0ms)


Started POST "/api/users" for ::1 at 2021-05-06 11:53:33 -0400
Processing by Api::UsersController#create as JSON
  Parameters: {"user"=>{"username"=>"hiiiiiiii3", "email"=>"hiiiii3@gmail.com", "password"=>"[FILTERED]"}}
  [1m[35m (10.8ms)[0m  [1m[35mBEGIN[0m
  ↳ app/controllers/api/users_controller.rb:4
  [1m[36mUser Exists (13.4ms)[0m  [1m[34mSELECT  1 AS one FROM "users" WHERE "users"."username" = $1 LIMIT $2[0m  [["username", "hiiiiiiii3"], ["LIMIT", 1]]
  ↳ app/controllers/api/users_controller.rb:4
  [1m[36mUser Create (14.0ms)[0m  [1m[32mINSERT INTO "users" ("username", "email", "password_digest", "session_token") VALUES ($1, $2, $3, $4) RETURNING "id"[0m  [["username", "hiiiiiiii3"], ["email", "hiiiii3@gmail.com"], ["password_digest", "$2a$12$P8G0eA0hO.7udfScJBNkbep4ZvQWK.B26jl7/RsBEhvudVdaB1TIe"], ["session_token", "xyGKnNw33AmZLSZXxPDWhQ"]]
  ↳ app/controllers/api/users_controller.rb:4
  [1m[35m (6.6ms)[0m  [1m[35mCOMMIT[0m
  ↳ app/controllers/api/users_controller.rb:4
  Rendering api/users/show.json.jbuilder
  Rendered api/users/show.json.jbuilder (0.9ms)
Completed 200 OK in 339ms (Views: 5.3ms | ActiveRecord: 44.9ms)


Started GET "/api/chirps" for ::1 at 2021-05-06 11:53:33 -0400
Processing by Api::ChirpsController#index as JSON
  Rendering api/chirps/index.json.jbuilder
  [1m[36mChirp Load (12.6ms)[0m  [1m[34mSELECT "chirps".* FROM "chirps"[0m
  ↳ app/views/api/chirps/index.json.jbuilder:1
  [1m[35m (16.0ms)[0m  [1m[34mSELECT COUNT(*) FROM "likes" WHERE "likes"."chirp_id" = $1[0m  [["chirp_id", 1]]
  ↳ app/views/api/chirps/_chirp.json.jbuilder:2
  [1m[36mUser Load (1.6ms)[0m  [1m[34mSELECT  "users".* FROM "users" WHERE "users"."session_token" = $1 LIMIT $2[0m  [["session_token", "xyGKnNw33AmZLSZXxPDWhQ"], ["LIMIT", 1]]
  ↳ app/controllers/application_controller.rb:26
  [1m[36mLike Load (1.1ms)[0m  [1m[34mSELECT  "likes".* FROM "likes" WHERE "likes"."chirp_id" = $1 AND "likes"."user_id" = $2 LIMIT $3[0m  [["chirp_id", 1], ["user_id", 21], ["LIMIT", 1]]
  ↳ app/views/api/chirps/_chirp.json.jbuilder:3
  Rendered api/chirps/_chirp.json.jbuilder (786.1ms)
  [1m[35m (0.9ms)[0m  [1m[34mSELECT COUNT(*) FROM "likes" WHERE "likes"."chirp_id" = $1[0m  [["chirp_id", 2]]
  ↳ app/views/api/chirps/_chirp.json.jbuilder:2
  [1m[36mLike Load (0.7ms)[0m  [1m[34mSELECT  "likes".* FROM "likes" WHERE "likes"."chirp_id" = $1 AND "likes"."user_id" = $2 LIMIT $3[0m  [["chirp_id", 2], ["user_id", 21], ["LIMIT", 1]]
  ↳ app/views/api/chirps/_chirp.json.jbuilder:3
  Rendered api/chirps/_chirp.json.jbuilder (5.0ms)
  [1m[35m (1.5ms)[0m  [1m[34mSELECT COUNT(*) FROM "likes" WHERE "likes"."chirp_id" = $1[0m  [["chirp_id", 3]]
  ↳ app/views/api/chirps/_chirp.json.jbuilder:2
  [1m[36mLike Load (0.7ms)[0m  [1m[34mSELECT  "likes".* FROM "likes" WHERE "likes"."chirp_id" = $1 AND "likes"."user_id" = $2 LIMIT $3[0m  [["chirp_id", 3], ["user_id", 21], ["LIMIT", 1]]
  ↳ app/views/api/chirps/_chirp.json.jbuilder:3
  Rendered api/chirps/_chirp.json.jbuilder (5.9ms)
  [1m[35m (1.0ms)[0m  [1m[34mSELECT COUNT(*) FROM "likes" WHERE "likes"."chirp_id" = $1[0m  [["chirp_id", 4]]
  ↳ app/views/api/chirps/_chirp.json.jbuilder:2
  [1m[36mLike Load (0.5ms)[0m  [1m[34mSELECT  "likes".* FROM "likes" WHERE "likes"."chirp_id" = $1 AND "likes"."user_id" = $2 LIMIT $3[0m  [["chirp_id", 4], ["user_id", 21], ["LIMIT", 1]]
  ↳ app/views/api/chirps/_chirp.json.jbuilder:3
  Rendered api/chirps/_chirp.json.jbuilder (4.5ms)
  Rendered api/chirps/index.json.jbuilder (822.0ms)
Completed 200 OK in 831ms (Views: 382.6ms | ActiveRecord: 444.9ms)


Started POST "/api/likes" for ::1 at 2021-05-06 11:53:38 -0400
Processing by Api::LikesController#create as JSON
  Parameters: {"id"=>"4"}
  [1m[36mUser Load (0.7ms)[0m  [1m[34mSELECT  "users".* FROM "users" WHERE "users"."session_token" = $1 LIMIT $2[0m  [["session_token", "xyGKnNw33AmZLSZXxPDWhQ"], ["LIMIT", 1]]
  ↳ app/controllers/application_controller.rb:26
  [1m[35m (0.4ms)[0m  [1m[35mBEGIN[0m
  ↳ app/controllers/api/likes_controller.rb:6
  [1m[36mChirp Load (0.4ms)[0m  [1m[34mSELECT  "chirps".* FROM "chirps" WHERE "chirps"."id" = $1 LIMIT $2[0m  [["id", 4], ["LIMIT", 1]]
  ↳ app/controllers/api/likes_controller.rb:6
  [1m[36mUser Load (0.6ms)[0m  [1m[34mSELECT  "users".* FROM "users" WHERE "users"."id" = $1 LIMIT $2[0m  [["id", 21], ["LIMIT", 1]]
  ↳ app/controllers/api/likes_controller.rb:6
  [1m[36mLike Create (8.6ms)[0m  [1m[32mINSERT INTO "likes" ("user_id", "chirp_id", "created_at", "updated_at") VALUES ($1, $2, $3, $4) RETURNING "id"[0m  [["user_id", 21], ["chirp_id", 4], ["created_at", "2021-05-06 15:53:38.514494"], ["updated_at", "2021-05-06 15:53:38.514494"]]
  ↳ app/controllers/api/likes_controller.rb:6
  [1m[35m (0.3ms)[0m  [1m[35mCOMMIT[0m
  ↳ app/controllers/api/likes_controller.rb:6
  Rendering api/chirps/show.json.jbuilder
  [1m[35m (1.6ms)[0m  [1m[34mSELECT COUNT(*) FROM "likes" WHERE "likes"."chirp_id" = $1[0m  [["chirp_id", 4]]
  ↳ app/views/api/chirps/_chirp.json.jbuilder:2
  [1m[36mLike Load (0.4ms)[0m  [1m[34mSELECT  "likes".* FROM "likes" WHERE "likes"."chirp_id" = $1 AND "likes"."user_id" = $2 LIMIT $3[0m  [["chirp_id", 4], ["user_id", 21], ["LIMIT", 1]]
  ↳ app/views/api/chirps/_chirp.json.jbuilder:3
  Rendered api/chirps/_chirp.json.jbuilder (4.4ms)
  Rendered api/chirps/show.json.jbuilder (5.4ms)
Completed 200 OK in 76ms (Views: 8.6ms | ActiveRecord: 40.6ms)


Started POST "/api/likes" for ::1 at 2021-05-06 11:53:41 -0400
Processing by Api::LikesController#create as JSON
  Parameters: {"id"=>"3"}
  [1m[36mUser Load (3.1ms)[0m  [1m[34mSELECT  "users".* FROM "users" WHERE "users"."session_token" = $1 LIMIT $2[0m  [["session_token", "xyGKnNw33AmZLSZXxPDWhQ"], ["LIMIT", 1]]
  ↳ app/controllers/application_controller.rb:26
  [1m[35m (0.7ms)[0m  [1m[35mBEGIN[0m
  ↳ app/controllers/api/likes_controller.rb:6
  [1m[36mChirp Load (0.5ms)[0m  [1m[34mSELECT  "chirps".* FROM "chirps" WHERE "chirps"."id" = $1 LIMIT $2[0m  [["id", 3], ["LIMIT", 1]]
  ↳ app/controllers/api/likes_controller.rb:6
  [1m[36mUser Load (1.1ms)[0m  [1m[34mSELECT  "users".* FROM "users" WHERE "users"."id" = $1 LIMIT $2[0m  [["id", 21], ["LIMIT", 1]]
  ↳ app/controllers/api/likes_controller.rb:6
  [1m[36mLike Create (6.8ms)[0m  [1m[32mINSERT INTO "likes" ("user_id", "chirp_id", "created_at", "updated_at") VALUES ($1, $2, $3, $4) RETURNING "id"[0m  [["user_id", 21], ["chirp_id", 3], ["created_at", "2021-05-06 15:53:41.623552"], ["updated_at", "2021-05-06 15:53:41.623552"]]
  ↳ app/controllers/api/likes_controller.rb:6
  [1m[35m (1.7ms)[0m  [1m[35mCOMMIT[0m
  ↳ app/controllers/api/likes_controller.rb:6
  Rendering api/chirps/show.json.jbuilder
  [1m[35m (0.9ms)[0m  [1m[34mSELECT COUNT(*) FROM "likes" WHERE "likes"."chirp_id" = $1[0m  [["chirp_id", 3]]
  ↳ app/views/api/chirps/_chirp.json.jbuilder:2
  [1m[36mLike Load (0.6ms)[0m  [1m[34mSELECT  "likes".* FROM "likes" WHERE "likes"."chirp_id" = $1 AND "likes"."user_id" = $2 LIMIT $3[0m  [["chirp_id", 3], ["user_id", 21], ["LIMIT", 1]]
  ↳ app/views/api/chirps/_chirp.json.jbuilder:3
  Rendered api/chirps/_chirp.json.jbuilder (2.9ms)
  Rendered api/chirps/show.json.jbuilder (3.8ms)
Completed 200 OK in 35ms (Views: 7.4ms | ActiveRecord: 15.4ms)


Started POST "/api/likes" for ::1 at 2021-05-06 11:53:42 -0400
Processing by Api::LikesController#create as JSON
  Parameters: {"id"=>"2"}
  [1m[36mUser Load (0.4ms)[0m  [1m[34mSELECT  "users".* FROM "users" WHERE "users"."session_token" = $1 LIMIT $2[0m  [["session_token", "xyGKnNw33AmZLSZXxPDWhQ"], ["LIMIT", 1]]
  ↳ app/controllers/application_controller.rb:26
  [1m[35m (1.4ms)[0m  [1m[35mBEGIN[0m
  ↳ app/controllers/api/likes_controller.rb:6
  [1m[36mChirp Load (0.9ms)[0m  [1m[34mSELECT  "chirps".* FROM "chirps" WHERE "chirps"."id" = $1 LIMIT $2[0m  [["id", 2], ["LIMIT", 1]]
  ↳ app/controllers/api/likes_controller.rb:6
  [1m[36mUser Load (0.7ms)[0m  [1m[34mSELECT  "users".* FROM "users" WHERE "users"."id" = $1 LIMIT $2[0m  [["id", 21], ["LIMIT", 1]]
  ↳ app/controllers/api/likes_controller.rb:6
  [1m[36mLike Create (0.7ms)[0m  [1m[32mINSERT INTO "likes" ("user_id", "chirp_id", "created_at", "updated_at") VALUES ($1, $2, $3, $4) RETURNING "id"[0m  [["user_id", 21], ["chirp_id", 2], ["created_at", "2021-05-06 15:53:42.654753"], ["updated_at", "2021-05-06 15:53:42.654753"]]
  ↳ app/controllers/api/likes_controller.rb:6
  [1m[35m (0.3ms)[0m  [1m[35mCOMMIT[0m
  ↳ app/controllers/api/likes_controller.rb:6
  Rendering api/chirps/show.json.jbuilder
  [1m[35m (0.7ms)[0m  [1m[34mSELECT COUNT(*) FROM "likes" WHERE "likes"."chirp_id" = $1[0m  [["chirp_id", 2]]
  ↳ app/views/api/chirps/_chirp.json.jbuilder:2
  [1m[36mLike Load (0.2ms)[0m  [1m[34mSELECT  "likes".* FROM "likes" WHERE "likes"."chirp_id" = $1 AND "likes"."user_id" = $2 LIMIT $3[0m  [["chirp_id", 2], ["user_id", 21], ["LIMIT", 1]]
  ↳ app/views/api/chirps/_chirp.json.jbuilder:3
  Rendered api/chirps/_chirp.json.jbuilder (2.2ms)
  Rendered api/chirps/show.json.jbuilder (3.1ms)
Completed 200 OK in 26ms (Views: 12.2ms | ActiveRecord: 5.3ms)


Started POST "/api/likes" for ::1 at 2021-05-06 11:53:43 -0400
Processing by Api::LikesController#create as JSON
  Parameters: {"id"=>"1"}
  [1m[36mUser Load (0.7ms)[0m  [1m[34mSELECT  "users".* FROM "users" WHERE "users"."session_token" = $1 LIMIT $2[0m  [["session_token", "xyGKnNw33AmZLSZXxPDWhQ"], ["LIMIT", 1]]
  ↳ app/controllers/application_controller.rb:26
  [1m[35m (0.2ms)[0m  [1m[35mBEGIN[0m
  ↳ app/controllers/api/likes_controller.rb:6
  [1m[36mChirp Load (0.7ms)[0m  [1m[34mSELECT  "chirps".* FROM "chirps" WHERE "chirps"."id" = $1 LIMIT $2[0m  [["id", 1], ["LIMIT", 1]]
  ↳ app/controllers/api/likes_controller.rb:6
  [1m[36mUser Load (0.5ms)[0m  [1m[34mSELECT  "users".* FROM "users" WHERE "users"."id" = $1 LIMIT $2[0m  [["id", 21], ["LIMIT", 1]]
  ↳ app/controllers/api/likes_controller.rb:6
  [1m[36mLike Create (6.4ms)[0m  [1m[32mINSERT INTO "likes" ("user_id", "chirp_id", "created_at", "updated_at") VALUES ($1, $2, $3, $4) RETURNING "id"[0m  [["user_id", 21], ["chirp_id", 1], ["created_at", "2021-05-06 15:53:43.407658"], ["updated_at", "2021-05-06 15:53:43.407658"]]
  ↳ app/controllers/api/likes_controller.rb:6
  [1m[35m (0.4ms)[0m  [1m[35mCOMMIT[0m
  ↳ app/controllers/api/likes_controller.rb:6
  Rendering api/chirps/show.json.jbuilder
  [1m[35m (1.0ms)[0m  [1m[34mSELECT COUNT(*) FROM "likes" WHERE "likes"."chirp_id" = $1[0m  [["chirp_id", 1]]
  ↳ app/views/api/chirps/_chirp.json.jbuilder:2
  [1m[36mLike Load (0.3ms)[0m  [1m[34mSELECT  "likes".* FROM "likes" WHERE "likes"."chirp_id" = $1 AND "likes"."user_id" = $2 LIMIT $3[0m  [["chirp_id", 1], ["user_id", 21], ["LIMIT", 1]]
  ↳ app/views/api/chirps/_chirp.json.jbuilder:3
  Rendered api/chirps/_chirp.json.jbuilder (3.5ms)
  Rendered api/chirps/show.json.jbuilder (4.9ms)
Completed 200 OK in 34ms (Views: 15.2ms | ActiveRecord: 10.1ms)


Started DELETE "/api/likes" for ::1 at 2021-05-06 11:53:44 -0400
Processing by Api::LikesController#destroy as JSON
  Parameters: {"id"=>"1"}
  [1m[36mUser Load (1.2ms)[0m  [1m[34mSELECT  "users".* FROM "users" WHERE "users"."session_token" = $1 LIMIT $2[0m  [["session_token", "xyGKnNw33AmZLSZXxPDWhQ"], ["LIMIT", 1]]
  ↳ app/controllers/application_controller.rb:26
  [1m[36mLike Load (0.5ms)[0m  [1m[34mSELECT  "likes".* FROM "likes" WHERE "likes"."user_id" = $1 AND "likes"."chirp_id" = $2 LIMIT $3[0m  [["user_id", 21], ["chirp_id", 1], ["LIMIT", 1]]
  ↳ app/controllers/api/likes_controller.rb:15
  [1m[35m (0.5ms)[0m  [1m[35mBEGIN[0m
  ↳ app/controllers/api/likes_controller.rb:16
  [1m[36mLike Destroy (0.7ms)[0m  [1m[31mDELETE FROM "likes" WHERE "likes"."id" = $1[0m  [["id", 6]]
  ↳ app/controllers/api/likes_controller.rb:16
  [1m[35m (1.0ms)[0m  [1m[35mCOMMIT[0m
  ↳ app/controllers/api/likes_controller.rb:16
  [1m[36mChirp Load (2.1ms)[0m  [1m[34mSELECT  "chirps".* FROM "chirps" WHERE "chirps"."id" = $1 LIMIT $2[0m  [["id", 1], ["LIMIT", 1]]
  ↳ app/controllers/api/likes_controller.rb:17
  Rendering api/chirps/show.json.jbuilder
  [1m[35m (0.7ms)[0m  [1m[34mSELECT COUNT(*) FROM "likes" WHERE "likes"."chirp_id" = $1[0m  [["chirp_id", 1]]
  ↳ app/views/api/chirps/_chirp.json.jbuilder:2
  [1m[36mLike Load (0.2ms)[0m  [1m[34mSELECT  "likes".* FROM "likes" WHERE "likes"."chirp_id" = $1 AND "likes"."user_id" = $2 LIMIT $3[0m  [["chirp_id", 1], ["user_id", 21], ["LIMIT", 1]]
  ↳ app/views/api/chirps/_chirp.json.jbuilder:3
  Rendered api/chirps/_chirp.json.jbuilder (2.5ms)
  Rendered api/chirps/show.json.jbuilder (3.9ms)
Completed 200 OK in 27ms (Views: 8.8ms | ActiveRecord: 7.0ms)


Started POST "/api/likes" for ::1 at 2021-05-06 11:53:45 -0400
Processing by Api::LikesController#create as JSON
  Parameters: {"id"=>"1"}
  [1m[36mUser Load (1.4ms)[0m  [1m[34mSELECT  "users".* FROM "users" WHERE "users"."session_token" = $1 LIMIT $2[0m  [["session_token", "xyGKnNw33AmZLSZXxPDWhQ"], ["LIMIT", 1]]
  ↳ app/controllers/application_controller.rb:26
  [1m[35m (2.5ms)[0m  [1m[35mBEGIN[0m
  ↳ app/controllers/api/likes_controller.rb:6
  [1m[36mChirp Load (0.6ms)[0m  [1m[34mSELECT  "chirps".* FROM "chirps" WHERE "chirps"."id" = $1 LIMIT $2[0m  [["id", 1], ["LIMIT", 1]]
  ↳ app/controllers/api/likes_controller.rb:6
  [1m[36mUser Load (0.5ms)[0m  [1m[34mSELECT  "users".* FROM "users" WHERE "users"."id" = $1 LIMIT $2[0m  [["id", 21], ["LIMIT", 1]]
  ↳ app/controllers/api/likes_controller.rb:6
  [1m[36mLike Create (7.8ms)[0m  [1m[32mINSERT INTO "likes" ("user_id", "chirp_id", "created_at", "updated_at") VALUES ($1, $2, $3, $4) RETURNING "id"[0m  [["user_id", 21], ["chirp_id", 1], ["created_at", "2021-05-06 15:53:45.956367"], ["updated_at", "2021-05-06 15:53:45.956367"]]
  ↳ app/controllers/api/likes_controller.rb:6
  [1m[35m (0.5ms)[0m  [1m[35mCOMMIT[0m
  ↳ app/controllers/api/likes_controller.rb:6
  Rendering api/chirps/show.json.jbuilder
  [1m[35m (4.7ms)[0m  [1m[34mSELECT COUNT(*) FROM "likes" WHERE "likes"."chirp_id" = $1[0m  [["chirp_id", 1]]
  ↳ app/views/api/chirps/_chirp.json.jbuilder:2
  [1m[36mLike Load (17.0ms)[0m  [1m[34mSELECT  "likes".* FROM "likes" WHERE "likes"."chirp_id" = $1 AND "likes"."user_id" = $2 LIMIT $3[0m  [["chirp_id", 1], ["user_id", 21], ["LIMIT", 1]]
  ↳ app/views/api/chirps/_chirp.json.jbuilder:3
  Rendered api/chirps/_chirp.json.jbuilder (30.1ms)
  Rendered api/chirps/show.json.jbuilder (31.7ms)
Completed 200 OK in 64ms (Views: 18.6ms | ActiveRecord: 35.0ms)


